Trial 82 finished with value: 0.823655903339386 and parameters: {'learning_rate': 0.0003707964154407435, 'batch_size': 32, 'dropout_rate': 0.2302451815167644, 'weight_decay': 2.0830620089136887e-05}. Best is trial 62 with value: 0.9827957153320312.
2024-12-17 03:29:00 - ========================================================================================================================================================================================================
2024-12-17 03:29:00 - Trial 83:
2024-12-17 03:29:00 - Train Accuracy: 0.940833, Train Precision: 0.986924, Train Recall: 0.935849, Train F1 Score: 0.960708
2024-12-17 03:29:00 - Validation Accuracy: 0.732113, Validation Precision: 0.839286, Validation Recall: 0.808602, Validation F1 Score: 0.823658
Trial 83 finished with value: 0.8086021542549133 and parameters: {'learning_rate': 0.00028046889804520203, 'batch_size': 32, 'dropout_rate': 0.21879653243701463, 'weight_decay': 5.231631108993324e-05}. Best is trial 62 with value: 0.9827957153320312.
Trial 83 finished with value: 0.8086021542549133 and parameters: {'learning_rate': 0.00028046889804520203, 'batch_size': 32, 'dropout_rate': 0.21879653243701463, 'weight_decay': 5.231631108993324e-05}. Best is trial 62 with value: 0.9827957153320312.
2024-12-17 03:30:19 - ========================================================================================================================================================================================================
2024-12-17 03:30:19 - Trial 84:
2024-12-17 03:30:19 - Train Accuracy: 0.898750, Train Precision: 0.974676, Train Recall: 0.892183, Train F1 Score: 0.931607
2024-12-17 03:30:19 - Validation Accuracy: 0.655574, Validation Precision: 0.811594, Validation Recall: 0.722581, Validation F1 Score: 0.764505
Trial 84 finished with value: 0.7225806713104248 and parameters: {'learning_rate': 0.00024008395380290963, 'batch_size': 32, 'dropout_rate': 0.24702576694302153, 'weight_decay': 0.0006195735687627578}. Best is trial 62 with value: 0.9827957153320312.
Trial 84 finished with value: 0.7225806713104248 and parameters: {'learning_rate': 0.00024008395380290963, 'batch_size': 32, 'dropout_rate': 0.24702576694302153, 'weight_decay': 0.0006195735687627578}. Best is trial 62 with value: 0.9827957153320312.
2024-12-17 03:31:38 - ========================================================================================================================================================================================================
2024-12-17 03:31:38 - Trial 85:
2024-12-17 03:31:38 - Train Accuracy: 0.782083, Train Precision: 0.976395, Train Recall: 0.735849, Train F1 Score: 0.839225
2024-12-17 03:31:38 - Validation Accuracy: 0.377704, Validation Precision: 0.842105, Validation Recall: 0.240860, Validation F1 Score: 0.374582
Trial 85 finished with value: 0.2408602088689804 and parameters: {'learning_rate': 1.6118515952185158e-05, 'batch_size': 32, 'dropout_rate': 0.2270024821048245, 'weight_decay': 0.0008344921206868066}. Best is trial 62 with value: 0.9827957153320312.
Trial 85 finished with value: 0.2408602088689804 and parameters: {'learning_rate': 1.6118515952185158e-05, 'batch_size': 32, 'dropout_rate': 0.2270024821048245, 'weight_decay': 0.0008344921206868066}. Best is trial 62 with value: 0.9827957153320312.
2024-12-17 03:32:57 - ========================================================================================================================================================================================================
2024-12-17 03:32:57 - Trial 86:
2024-12-17 03:32:57 - Train Accuracy: 0.948750, Train Precision: 0.987064, Train Recall: 0.946092, Train F1 Score: 0.966144
2024-12-17 03:32:57 - Validation Accuracy: 0.742096, Validation Precision: 0.828390, Validation Recall: 0.840860, Validation F1 Score: 0.834578
Trial 86 finished with value: 0.8408601880073547 and parameters: {'learning_rate': 0.0004796672761335912, 'batch_size': 32, 'dropout_rate': 0.20560764166657056, 'weight_decay': 3.017581585423098e-05}. Best is trial 62 with value: 0.9827957153320312.
Trial 86 finished with value: 0.8408601880073547 and parameters: {'learning_rate': 0.0004796672761335912, 'batch_size': 32, 'dropout_rate': 0.20560764166657056, 'weight_decay': 3.017581585423098e-05}. Best is trial 62 with value: 0.9827957153320312.
2024-12-17 03:34:01 - ========================================================================================================================================================================================================
2024-12-17 03:34:01 - Trial 87:
2024-12-17 03:34:01 - Train Accuracy: 0.842083, Train Precision: 0.964151, Train Recall: 0.826415, Train F1 Score: 0.889986
2024-12-17 03:34:01 - Validation Accuracy: 0.773710, Validation Precision: 0.790123, Validation Recall: 0.963441, Validation F1 Score: 0.868217
Trial 87 finished with value: 0.9634408354759216 and parameters: {'learning_rate': 0.00032463822150365307, 'batch_size': 64, 'dropout_rate': 0.3499712595873627, 'weight_decay': 1.0321005779393525e-05}. Best is trial 62 with value: 0.9827957153320312.
Trial 87 finished with value: 0.9634408354759216 and parameters: {'learning_rate': 0.00032463822150365307, 'batch_size': 64, 'dropout_rate': 0.3499712595873627, 'weight_decay': 1.0321005779393525e-05}. Best is trial 62 with value: 0.9827957153320312.
2024-12-17 03:35:04 - ========================================================================================================================================================================================================
2024-12-17 03:35:04 - Trial 88:
2024-12-17 03:35:04 - Train Accuracy: 0.793333, Train Precision: 0.943249, Train Recall: 0.779515, Train F1 Score: 0.853601
2024-12-17 03:35:04 - Validation Accuracy: 0.567388, Validation Precision: 0.845118, Validation Recall: 0.539785, Validation F1 Score: 0.658793
Trial 88 finished with value: 0.5397849678993225 and parameters: {'learning_rate': 0.00016863867326475133, 'batch_size': 64, 'dropout_rate': 0.3365401967891337, 'weight_decay': 1.2330165091225513e-05}. Best is trial 62 with value: 0.9827957153320312.
Trial 88 finished with value: 0.5397849678993225 and parameters: {'learning_rate': 0.00016863867326475133, 'batch_size': 64, 'dropout_rate': 0.3365401967891337, 'weight_decay': 1.2330165091225513e-05}. Best is trial 62 with value: 0.9827957153320312.
2024-12-17 03:36:08 - ========================================================================================================================================================================================================
2024-12-17 03:36:08 - Trial 89:
2024-12-17 03:36:08 - Train Accuracy: 0.836250, Train Precision: 0.966199, Train Recall: 0.816712, Train F1 Score: 0.885188
2024-12-17 03:36:08 - Validation Accuracy: 0.745424, Validation Precision: 0.802326, Validation Recall: 0.890323, Validation F1 Score: 0.844037
Trial 89 finished with value: 0.8903225660324097 and parameters: {'learning_rate': 0.00011778367102109586, 'batch_size': 64, 'dropout_rate': 0.30502206880402016, 'weight_decay': 1.144309403388558e-05}. Best is trial 62 with value: 0.9827957153320312.
Trial 89 finished with value: 0.8903225660324097 and parameters: {'learning_rate': 0.00011778367102109586, 'batch_size': 64, 'dropout_rate': 0.30502206880402016, 'weight_decay': 1.144309403388558e-05}. Best is trial 62 with value: 0.9827957153320312.
2024-12-17 03:37:11 - ========================================================================================================================================================================================================
2024-12-17 03:37:11 - Trial 90:
2024-12-17 03:37:11 - Train Accuracy: 0.860417, Train Precision: 0.972050, Train Recall: 0.843666, Train F1 Score: 0.903319
2024-12-17 03:37:11 - Validation Accuracy: 0.762063, Validation Precision: 0.823293, Validation Recall: 0.881720, Validation F1 Score: 0.851506
Trial 90 finished with value: 0.8817204236984253 and parameters: {'learning_rate': 0.00014676102502626575, 'batch_size': 64, 'dropout_rate': 0.3131871829527468, 'weight_decay': 1.734680572932661e-05}. Best is trial 62 with value: 0.9827957153320312.
Trial 90 finished with value: 0.8817204236984253 and parameters: {'learning_rate': 0.00014676102502626575, 'batch_size': 64, 'dropout_rate': 0.3131871829527468, 'weight_decay': 1.734680572932661e-05}. Best is trial 62 with value: 0.9827957153320312.
2024-12-17 03:38:15 - ========================================================================================================================================================================================================
2024-12-17 03:38:15 - Trial 91:
2024-12-17 03:38:15 - Train Accuracy: 0.856667, Train Precision: 0.978467, Train Recall: 0.832884, Train F1 Score: 0.899825
2024-12-17 03:38:15 - Validation Accuracy: 0.743760, Validation Precision: 0.809145, Validation Recall: 0.875269, Validation F1 Score: 0.840909
Trial 91 finished with value: 0.875268816947937 and parameters: {'learning_rate': 8.516708924812932e-05, 'batch_size': 64, 'dropout_rate': 0.2889839132704723, 'weight_decay': 0.00012638043627527295}. Best is trial 62 with value: 0.9827957153320312.
Trial 91 finished with value: 0.875268816947937 and parameters: {'learning_rate': 8.516708924812932e-05, 'batch_size': 64, 'dropout_rate': 0.2889839132704723, 'weight_decay': 0.00012638043627527295}. Best is trial 62 with value: 0.9827957153320312.
2024-12-17 03:39:19 - ========================================================================================================================================================================================================
2024-12-17 03:39:19 - Trial 92:
2024-12-17 03:39:19 - Train Accuracy: 0.949167, Train Precision: 0.987620, Train Recall: 0.946092, Train F1 Score: 0.966410
2024-12-17 03:39:19 - Validation Accuracy: 0.745424, Validation Precision: 0.834764, Validation Recall: 0.836559, Validation F1 Score: 0.835661
Trial 92 finished with value: 0.8365591168403625 and parameters: {'learning_rate': 0.000312411495032588, 'batch_size': 64, 'dropout_rate': 0.23209675287662374, 'weight_decay': 1.0530332364002149e-05}. Best is trial 62 with value: 0.9827957153320312.
Trial 92 finished with value: 0.8365591168403625 and parameters: {'learning_rate': 0.000312411495032588, 'batch_size': 64, 'dropout_rate': 0.23209675287662374, 'weight_decay': 1.0530332364002149e-05}. Best is trial 62 with value: 0.9827957153320312.
2024-12-17 03:40:38 - ========================================================================================================================================================================================================
2024-12-17 03:40:38 - Trial 93:
2024-12-17 03:40:38 - Train Accuracy: 0.958750, Train Precision: 0.990503, Train Recall: 0.955795, Train F1 Score: 0.972840
2024-12-17 03:40:38 - Validation Accuracy: 0.750416, Validation Precision: 0.822086, Validation Recall: 0.864516, Validation F1 Score: 0.842767
Trial 93 finished with value: 0.8645161390304565 and parameters: {'learning_rate': 0.0002258972441923306, 'batch_size': 32, 'dropout_rate': 0.222983061959445, 'weight_decay': 1.4179017741877555e-05}. Best is trial 62 with value: 0.9827957153320312.
Trial 93 finished with value: 0.8645161390304565 and parameters: {'learning_rate': 0.0002258972441923306, 'batch_size': 32, 'dropout_rate': 0.222983061959445, 'weight_decay': 1.4179017741877555e-05}. Best is trial 62 with value: 0.9827957153320312.
2024-12-17 03:41:57 - ========================================================================================================================================================================================================
2024-12-17 03:41:57 - Trial 94:
2024-12-17 03:41:57 - Train Accuracy: 0.922500, Train Precision: 0.978772, Train Recall: 0.919677, Train F1 Score: 0.948305
2024-12-17 03:41:57 - Validation Accuracy: 0.690516, Validation Precision: 0.812081, Validation Recall: 0.780645, Validation F1 Score: 0.796053
Trial 94 finished with value: 0.7806451320648193 and parameters: {'learning_rate': 0.000329559452234521, 'batch_size': 32, 'dropout_rate': 0.23922525327004898, 'weight_decay': 4.509083121772149e-05}. Best is trial 62 with value: 0.9827957153320312.
Trial 94 finished with value: 0.7806451320648193 and parameters: {'learning_rate': 0.000329559452234521, 'batch_size': 32, 'dropout_rate': 0.23922525327004898, 'weight_decay': 4.509083121772149e-05}. Best is trial 62 with value: 0.9827957153320312.
2024-12-17 03:43:16 - ========================================================================================================================================================================================================
2024-12-17 03:43:16 - Trial 95:
2024-12-17 03:43:16 - Train Accuracy: 0.916250, Train Precision: 0.980814, Train Recall: 0.909434, Train F1 Score: 0.943776
2024-12-17 03:43:16 - Validation Accuracy: 0.713810, Validation Precision: 0.839907, Validation Recall: 0.778495, Validation F1 Score: 0.808036
Trial 95 finished with value: 0.7784945964813232 and parameters: {'learning_rate': 0.00040985478628842193, 'batch_size': 32, 'dropout_rate': 0.26522592756123137, 'weight_decay': 8.411057822489022e-05}. Best is trial 62 with value: 0.9827957153320312.
Trial 95 finished with value: 0.7784945964813232 and parameters: {'learning_rate': 0.00040985478628842193, 'batch_size': 32, 'dropout_rate': 0.26522592756123137, 'weight_decay': 8.411057822489022e-05}. Best is trial 62 with value: 0.9827957153320312.
2024-12-17 03:44:35 - ========================================================================================================================================================================================================
2024-12-17 03:44:35 - Trial 96:
2024-12-17 03:44:35 - Train Accuracy: 0.957500, Train Precision: 0.987757, Train Recall: 0.956873, Train F1 Score: 0.972070
2024-12-17 03:44:35 - Validation Accuracy: 0.703827, Validation Precision: 0.821029, Validation Recall: 0.789247, Validation F1 Score: 0.804825
Trial 96 finished with value: 0.7892473340034485 and parameters: {'learning_rate': 0.0003716954884222708, 'batch_size': 32, 'dropout_rate': 0.1644471600782519, 'weight_decay': 0.0006542507053901384}. Best is trial 62 with value: 0.9827957153320312.
Trial 96 finished with value: 0.7892473340034485 and parameters: {'learning_rate': 0.0003716954884222708, 'batch_size': 32, 'dropout_rate': 0.1644471600782519, 'weight_decay': 0.0006542507053901384}. Best is trial 62 with value: 0.9827957153320312.
2024-12-17 03:45:55 - ========================================================================================================================================================================================================
2024-12-17 03:45:55 - Trial 97:
2024-12-17 03:45:55 - Train Accuracy: 0.960417, Train Precision: 0.993274, Train Recall: 0.955256, Train F1 Score: 0.973894
2024-12-17 03:45:55 - Validation Accuracy: 0.712146, Validation Precision: 0.780769, Validation Recall: 0.873118, Validation F1 Score: 0.824365
Trial 97 finished with value: 0.8731182813644409 and parameters: {'learning_rate': 0.0002071596112898289, 'batch_size': 32, 'dropout_rate': 0.21498038042732406, 'weight_decay': 2.2461309700787263e-05}. Best is trial 62 with value: 0.9827957153320312.
Trial 97 finished with value: 0.8731182813644409 and parameters: {'learning_rate': 0.0002071596112898289, 'batch_size': 32, 'dropout_rate': 0.21498038042732406, 'weight_decay': 2.2461309700787263e-05}. Best is trial 62 with value: 0.9827957153320312.
2024-12-17 03:46:58 - ========================================================================================================================================================================================================
2024-12-17 03:46:58 - Trial 98:
2024-12-17 03:46:58 - Train Accuracy: 0.963750, Train Precision: 0.993304, Train Recall: 0.959569, Train F1 Score: 0.976145
2024-12-17 03:46:58 - Validation Accuracy: 0.742096, Validation Precision: 0.811245, Validation Recall: 0.868817, Validation F1 Score: 0.839045
Trial 98 finished with value: 0.8688172101974487 and parameters: {'learning_rate': 0.00046497902730447847, 'batch_size': 64, 'dropout_rate': 0.2433936934511097, 'weight_decay': 5.034904695023156e-05}. Best is trial 62 with value: 0.9827957153320312.
Trial 98 finished with value: 0.8688172101974487 and parameters: {'learning_rate': 0.00046497902730447847, 'batch_size': 64, 'dropout_rate': 0.2433936934511097, 'weight_decay': 5.034904695023156e-05}. Best is trial 62 with value: 0.9827957153320312.
2024-12-17 03:48:17 - ========================================================================================================================================================================================================
2024-12-17 03:48:17 - Trial 99:
2024-12-17 03:48:17 - Train Accuracy: 0.787500, Train Precision: 0.943894, Train Recall: 0.770889, Train F1 Score: 0.848665
2024-12-17 03:48:17 - Validation Accuracy: 0.675541, Validation Precision: 0.835821, Validation Recall: 0.722581, Validation F1 Score: 0.775087
Trial 99 finished with value: 0.7225806713104248 and parameters: {'learning_rate': 0.0002755309525509669, 'batch_size': 32, 'dropout_rate': 0.3484582028777139, 'weight_decay': 4.027400030858201e-05}. Best is trial 62 with value: 0.9827957153320312.
Trial 99 finished with value: 0.7225806713104248 and parameters: {'learning_rate': 0.0002755309525509669, 'batch_size': 32, 'dropout_rate': 0.3484582028777139, 'weight_decay': 4.027400030858201e-05}. Best is trial 62 with value: 0.9827957153320312.
2024-12-17 03:48:17 - Best hyperparameters:
2024-12-17 03:48:17 - {'learning_rate': 0.00036629023640623776, 'batch_size': 32, 'dropout_rate': 0.19566486542199024, 'weight_decay': 0.0001236434480604789}
2024-12-17 03:48:17 - Best Recall on validation set: 0.982796
