Trial 19 finished with value: 0.7419354915618896 and parameters: {'learning_rate': 0.00018056908078900106, 'batch_size': 32, 'dropout_rate': 0.1669284107020489, 'weight_decay': 0.0001801527607315006}. Best is trial 18 with value: 0.9053763151168823.
2024-12-17 02:05:14 - ========================================================================================================================================================================================================
2024-12-17 02:05:14 - Trial 20:
2024-12-17 02:05:14 - Train Accuracy: 0.867083, Train Precision: 0.982412, Train Recall: 0.843127, Train F1 Score: 0.907456
2024-12-17 02:05:14 - Validation Accuracy: 0.715474, Validation Precision: 0.832579, Validation Recall: 0.791398, Validation F1 Score: 0.811466
Trial 20 finished with value: 0.7913978695869446 and parameters: {'learning_rate': 3.820674148521414e-05, 'batch_size': 32, 'dropout_rate': 0.2024915887429945, 'weight_decay': 0.0005518417444320524}. Best is trial 18 with value: 0.9053763151168823.
Trial 20 finished with value: 0.7913978695869446 and parameters: {'learning_rate': 3.820674148521414e-05, 'batch_size': 32, 'dropout_rate': 0.2024915887429945, 'weight_decay': 0.0005518417444320524}. Best is trial 18 with value: 0.9053763151168823.
2024-12-17 02:06:55 - ========================================================================================================================================================================================================
2024-12-17 02:06:55 - Trial 21:
2024-12-17 02:06:55 - Train Accuracy: 0.942917, Train Precision: 0.981502, Train Recall: 0.943935, Train F1 Score: 0.962352
2024-12-17 02:06:55 - Validation Accuracy: 0.738769, Validation Precision: 0.816872, Validation Recall: 0.853763, Validation F1 Score: 0.834911
Trial 21 finished with value: 0.8537634611129761 and parameters: {'learning_rate': 0.0005579957399671138, 'batch_size': 32, 'dropout_rate': 0.1786413383204044, 'weight_decay': 3.760815240254703e-05}. Best is trial 18 with value: 0.9053763151168823.
Trial 21 finished with value: 0.8537634611129761 and parameters: {'learning_rate': 0.0005579957399671138, 'batch_size': 32, 'dropout_rate': 0.1786413383204044, 'weight_decay': 3.760815240254703e-05}. Best is trial 18 with value: 0.9053763151168823.
2024-12-17 02:08:26 - ========================================================================================================================================================================================================
2024-12-17 02:08:26 - Trial 22:
2024-12-17 02:08:26 - Train Accuracy: 0.953750, Train Precision: 0.987696, Train Recall: 0.952022, Train F1 Score: 0.969531
2024-12-17 02:08:26 - Validation Accuracy: 0.765391, Validation Precision: 0.816406, Validation Recall: 0.898925, Validation F1 Score: 0.855681
Trial 22 finished with value: 0.898924708366394 and parameters: {'learning_rate': 0.0004844302104774519, 'batch_size': 32, 'dropout_rate': 0.1792445361957588, 'weight_decay': 0.00016542926735241053}. Best is trial 18 with value: 0.9053763151168823.
Trial 22 finished with value: 0.898924708366394 and parameters: {'learning_rate': 0.0004844302104774519, 'batch_size': 32, 'dropout_rate': 0.1792445361957588, 'weight_decay': 0.00016542926735241053}. Best is trial 18 with value: 0.9053763151168823.
2024-12-17 02:09:54 - ========================================================================================================================================================================================================
2024-12-17 02:09:54 - Trial 23:
2024-12-17 02:09:54 - Train Accuracy: 0.961667, Train Precision: 0.991634, Train Recall: 0.958491, Train F1 Score: 0.974781
2024-12-17 02:09:54 - Validation Accuracy: 0.775374, Validation Precision: 0.803309, Validation Recall: 0.939785, Validation F1 Score: 0.866204
Trial 23 finished with value: 0.9397849440574646 and parameters: {'learning_rate': 0.00025680395132748467, 'batch_size': 32, 'dropout_rate': 0.18310499303324032, 'weight_decay': 0.0001777762837739286}. Best is trial 23 with value: 0.9397849440574646.
Trial 23 finished with value: 0.9397849440574646 and parameters: {'learning_rate': 0.00025680395132748467, 'batch_size': 32, 'dropout_rate': 0.18310499303324032, 'weight_decay': 0.0001777762837739286}. Best is trial 23 with value: 0.9397849440574646.
2024-12-17 02:11:21 - ========================================================================================================================================================================================================
2024-12-17 02:11:21 - Trial 24:
2024-12-17 02:11:21 - Train Accuracy: 0.933750, Train Precision: 0.981818, Train Recall: 0.931536, Train F1 Score: 0.956017
2024-12-17 02:11:21 - Validation Accuracy: 0.693844, Validation Precision: 0.814318, Validation Recall: 0.782796, Validation F1 Score: 0.798246
Trial 24 finished with value: 0.7827957272529602 and parameters: {'learning_rate': 0.00013449569723516388, 'batch_size': 32, 'dropout_rate': 0.18047623474572913, 'weight_decay': 0.00017609174485937903}. Best is trial 23 with value: 0.9397849440574646.
Trial 24 finished with value: 0.7827957272529602 and parameters: {'learning_rate': 0.00013449569723516388, 'batch_size': 32, 'dropout_rate': 0.18047623474572913, 'weight_decay': 0.00017609174485937903}. Best is trial 23 with value: 0.9397849440574646.
2024-12-17 02:12:52 - ========================================================================================================================================================================================================
2024-12-17 02:12:52 - Trial 25:
2024-12-17 02:12:52 - Train Accuracy: 0.945833, Train Precision: 0.988115, Train Recall: 0.941240, Train F1 Score: 0.964108
2024-12-17 02:12:52 - Validation Accuracy: 0.222962, Validation Precision: 0.333333, Validation Recall: 0.004301, Validation F1 Score: 0.008493
Trial 25 finished with value: 0.004301075357943773 and parameters: {'learning_rate': 0.00023891548233700692, 'batch_size': 32, 'dropout_rate': 0.21077515853576664, 'weight_decay': 0.0002795145089681837}. Best is trial 23 with value: 0.9397849440574646.
Trial 25 finished with value: 0.004301075357943773 and parameters: {'learning_rate': 0.00023891548233700692, 'batch_size': 32, 'dropout_rate': 0.21077515853576664, 'weight_decay': 0.0002795145089681837}. Best is trial 23 with value: 0.9397849440574646.
2024-12-17 02:14:22 - ========================================================================================================================================================================================================
2024-12-17 02:14:22 - Trial 26:
2024-12-17 02:14:22 - Train Accuracy: 0.950417, Train Precision: 0.985459, Train Recall: 0.949865, Train F1 Score: 0.967335
2024-12-17 02:14:22 - Validation Accuracy: 0.742096, Validation Precision: 0.793561, Validation Recall: 0.901075, Validation F1 Score: 0.843907
Trial 26 finished with value: 0.9010752439498901 and parameters: {'learning_rate': 0.0003896994634347501, 'batch_size': 32, 'dropout_rate': 0.18208395253622298, 'weight_decay': 0.000140186263167046}. Best is trial 23 with value: 0.9397849440574646.
Trial 26 finished with value: 0.9010752439498901 and parameters: {'learning_rate': 0.0003896994634347501, 'batch_size': 32, 'dropout_rate': 0.18208395253622298, 'weight_decay': 0.000140186263167046}. Best is trial 23 with value: 0.9397849440574646.
2024-12-17 02:15:51 - ========================================================================================================================================================================================================
2024-12-17 02:15:51 - Trial 27:
2024-12-17 02:15:51 - Train Accuracy: 0.974167, Train Precision: 0.993939, Train Recall: 0.972507, Train F1 Score: 0.983106
2024-12-17 02:15:51 - Validation Accuracy: 0.757072, Validation Precision: 0.789474, Validation Recall: 0.935484, Validation F1 Score: 0.856299
Trial 27 finished with value: 0.9354838728904724 and parameters: {'learning_rate': 0.00025527652266158, 'batch_size': 32, 'dropout_rate': 0.15433966923918288, 'weight_decay': 0.0004367821063973958}. Best is trial 23 with value: 0.9397849440574646.
Trial 27 finished with value: 0.9354838728904724 and parameters: {'learning_rate': 0.00025527652266158, 'batch_size': 32, 'dropout_rate': 0.15433966923918288, 'weight_decay': 0.0004367821063973958}. Best is trial 23 with value: 0.9397849440574646.
2024-12-17 02:17:21 - ========================================================================================================================================================================================================
2024-12-17 02:17:21 - Trial 28:
2024-12-17 02:17:21 - Train Accuracy: 0.978333, Train Precision: 0.995058, Train Recall: 0.976819, Train F1 Score: 0.985854
2024-12-17 02:17:21 - Validation Accuracy: 0.750416, Validation Precision: 0.828810, Validation Recall: 0.853763, Validation F1 Score: 0.841102
Trial 28 finished with value: 0.8537634611129761 and parameters: {'learning_rate': 0.00025451957920155123, 'batch_size': 32, 'dropout_rate': 0.16242952478978823, 'weight_decay': 0.0005171245501699068}. Best is trial 23 with value: 0.9397849440574646.
Trial 28 finished with value: 0.8537634611129761 and parameters: {'learning_rate': 0.00025451957920155123, 'batch_size': 32, 'dropout_rate': 0.16242952478978823, 'weight_decay': 0.0005171245501699068}. Best is trial 23 with value: 0.9397849440574646.
2024-12-17 02:18:51 - ========================================================================================================================================================================================================
2024-12-17 02:18:51 - Trial 29:
2024-12-17 02:18:51 - Train Accuracy: 0.956667, Train Precision: 0.989927, Train Recall: 0.953639, Train F1 Score: 0.971444
2024-12-17 02:18:51 - Validation Accuracy: 0.755408, Validation Precision: 0.805769, Validation Recall: 0.901075, Validation F1 Score: 0.850761
Trial 29 finished with value: 0.9010752439498901 and parameters: {'learning_rate': 0.00011424300210394615, 'batch_size': 32, 'dropout_rate': 0.15098012084363024, 'weight_decay': 8.858866144679293e-05}. Best is trial 23 with value: 0.9397849440574646.
Trial 29 finished with value: 0.9010752439498901 and parameters: {'learning_rate': 0.00011424300210394615, 'batch_size': 32, 'dropout_rate': 0.15098012084363024, 'weight_decay': 8.858866144679293e-05}. Best is trial 23 with value: 0.9397849440574646.
2024-12-17 02:20:20 - ========================================================================================================================================================================================================
2024-12-17 02:20:20 - Trial 30:
2024-12-17 02:20:20 - Train Accuracy: 0.930417, Train Precision: 0.980638, Train Recall: 0.928302, Train F1 Score: 0.953752
2024-12-17 02:20:20 - Validation Accuracy: 0.777038, Validation Precision: 0.804788, Validation Recall: 0.939785, Validation F1 Score: 0.867063
Trial 30 finished with value: 0.9397849440574646 and parameters: {'learning_rate': 0.00022735699080413571, 'batch_size': 32, 'dropout_rate': 0.22316895766550782, 'weight_decay': 0.0009143747499621098}. Best is trial 23 with value: 0.9397849440574646.
Trial 30 finished with value: 0.9397849440574646 and parameters: {'learning_rate': 0.00022735699080413571, 'batch_size': 32, 'dropout_rate': 0.22316895766550782, 'weight_decay': 0.0009143747499621098}. Best is trial 23 with value: 0.9397849440574646.
2024-12-17 02:21:51 - ========================================================================================================================================================================================================
2024-12-17 02:21:51 - Trial 31:
2024-12-17 02:21:51 - Train Accuracy: 0.927083, Train Precision: 0.982759, Train Recall: 0.921833, Train F1 Score: 0.951321
2024-12-17 02:21:51 - Validation Accuracy: 0.670549, Validation Precision: 0.820144, Validation Recall: 0.735484, Validation F1 Score: 0.775510
Trial 31 finished with value: 0.7354838848114014 and parameters: {'learning_rate': 0.0002188761063047774, 'batch_size': 32, 'dropout_rate': 0.2256576154603525, 'weight_decay': 0.0009244318557808974}. Best is trial 23 with value: 0.9397849440574646.
Trial 31 finished with value: 0.7354838848114014 and parameters: {'learning_rate': 0.0002188761063047774, 'batch_size': 32, 'dropout_rate': 0.2256576154603525, 'weight_decay': 0.0009244318557808974}. Best is trial 23 with value: 0.9397849440574646.
2024-12-17 02:23:20 - ========================================================================================================================================================================================================
2024-12-17 02:23:20 - Trial 32:
2024-12-17 02:23:20 - Train Accuracy: 0.939167, Train Precision: 0.980326, Train Recall: 0.940162, Train F1 Score: 0.959824
2024-12-17 02:23:20 - Validation Accuracy: 0.735441, Validation Precision: 0.828326, Validation Recall: 0.830108, Validation F1 Score: 0.829216
Trial 32 finished with value: 0.8301075100898743 and parameters: {'learning_rate': 0.000295649646865418, 'batch_size': 32, 'dropout_rate': 0.21575232397870756, 'weight_decay': 0.0006208761454163491}. Best is trial 23 with value: 0.9397849440574646.
Trial 32 finished with value: 0.8301075100898743 and parameters: {'learning_rate': 0.000295649646865418, 'batch_size': 32, 'dropout_rate': 0.21575232397870756, 'weight_decay': 0.0006208761454163491}. Best is trial 23 with value: 0.9397849440574646.
2024-12-17 02:24:49 - ========================================================================================================================================================================================================
2024-12-17 02:24:49 - Trial 33:
2024-12-17 02:24:49 - Train Accuracy: 0.946667, Train Precision: 0.990904, Train Recall: 0.939623, Train F1 Score: 0.964582
2024-12-17 02:24:49 - Validation Accuracy: 0.692180, Validation Precision: 0.801724, Validation Recall: 0.800000, Validation F1 Score: 0.800861
Trial 33 finished with value: 0.800000011920929 and parameters: {'learning_rate': 9.973427390694608e-05, 'batch_size': 32, 'dropout_rate': 0.19046262650411855, 'weight_decay': 0.00024104429482700427}. Best is trial 23 with value: 0.9397849440574646.
Trial 33 finished with value: 0.800000011920929 and parameters: {'learning_rate': 9.973427390694608e-05, 'batch_size': 32, 'dropout_rate': 0.19046262650411855, 'weight_decay': 0.00024104429482700427}. Best is trial 23 with value: 0.9397849440574646.
2024-12-17 02:26:19 - ========================================================================================================================================================================================================
2024-12-17 02:26:19 - Trial 34:
2024-12-17 02:26:19 - Train Accuracy: 0.901667, Train Precision: 0.974224, Train Recall: 0.896496, Train F1 Score: 0.933745
2024-12-17 02:26:19 - Validation Accuracy: 0.720466, Validation Precision: 0.836735, Validation Recall: 0.793548, Validation F1 Score: 0.814570
Trial 34 finished with value: 0.7935484051704407 and parameters: {'learning_rate': 0.00029413558532427023, 'batch_size': 32, 'dropout_rate': 0.2344901934484913, 'weight_decay': 0.0003739748948035375}. Best is trial 23 with value: 0.9397849440574646.
Trial 34 finished with value: 0.7935484051704407 and parameters: {'learning_rate': 0.00029413558532427023, 'batch_size': 32, 'dropout_rate': 0.2344901934484913, 'weight_decay': 0.0003739748948035375}. Best is trial 23 with value: 0.9397849440574646.
2024-12-17 02:27:44 - ========================================================================================================================================================================================================
2024-12-17 02:27:44 - Trial 35:
2024-12-17 02:27:44 - Train Accuracy: 0.915000, Train Precision: 0.979663, Train Recall: 0.908895, Train F1 Score: 0.942953
2024-12-17 02:27:44 - Validation Accuracy: 0.668885, Validation Precision: 0.850000, Validation Recall: 0.694624, Validation F1 Score: 0.764497
Trial 35 finished with value: 0.6946236491203308 and parameters: {'learning_rate': 7.052030004494502e-05, 'batch_size': 32, 'dropout_rate': 0.17051201079683945, 'weight_decay': 0.0007187177933550944}. Best is trial 23 with value: 0.9397849440574646.
Trial 35 finished with value: 0.6946236491203308 and parameters: {'learning_rate': 7.052030004494502e-05, 'batch_size': 32, 'dropout_rate': 0.17051201079683945, 'weight_decay': 0.0007187177933550944}. Best is trial 23 with value: 0.9397849440574646.
2024-12-17 02:29:05 - ========================================================================================================================================================================================================
2024-12-17 02:29:05 - Trial 36:
2024-12-17 02:29:05 - Train Accuracy: 0.929583, Train Precision: 0.987847, Train Recall: 0.920216, Train F1 Score: 0.952833
2024-12-17 02:29:05 - Validation Accuracy: 0.735441, Validation Precision: 0.840000, Validation Recall: 0.812903, Validation F1 Score: 0.826230
Trial 36 finished with value: 0.8129032254219055 and parameters: {'learning_rate': 0.00014474317663710202, 'batch_size': 32, 'dropout_rate': 0.21713820334631997, 'weight_decay': 0.00038791215800575336}. Best is trial 23 with value: 0.9397849440574646.
Trial 36 finished with value: 0.8129032254219055 and parameters: {'learning_rate': 0.00014474317663710202, 'batch_size': 32, 'dropout_rate': 0.21713820334631997, 'weight_decay': 0.00038791215800575336}. Best is trial 23 with value: 0.9397849440574646.
2024-12-17 02:30:11 - ========================================================================================================================================================================================================
2024-12-17 02:30:11 - Trial 37:
2024-12-17 02:30:11 - Train Accuracy: 0.972500, Train Precision: 0.995568, Train Recall: 0.968733, Train F1 Score: 0.981967
2024-12-17 02:30:11 - Validation Accuracy: 0.745424, Validation Precision: 0.813253, Validation Recall: 0.870968, Validation F1 Score: 0.841121
Trial 37 finished with value: 0.8709677457809448 and parameters: {'learning_rate': 0.00021042354570947368, 'batch_size': 64, 'dropout_rate': 0.1917311989844177, 'weight_decay': 0.0002343059923450098}. Best is trial 23 with value: 0.9397849440574646.
Trial 37 finished with value: 0.8709677457809448 and parameters: {'learning_rate': 0.00021042354570947368, 'batch_size': 64, 'dropout_rate': 0.1917311989844177, 'weight_decay': 0.0002343059923450098}. Best is trial 23 with value: 0.9397849440574646.
2024-12-17 02:31:34 - ========================================================================================================================================================================================================
2024-12-17 02:31:34 - Trial 38:
2024-12-17 02:31:34 - Train Accuracy: 0.919583, Train Precision: 0.983140, Train Recall: 0.911590, Train F1 Score: 0.946014
2024-12-17 02:31:34 - Validation Accuracy: 0.728785, Validation Precision: 0.835556, Validation Recall: 0.808602, Validation F1 Score: 0.821858
Trial 38 finished with value: 0.8086021542549133 and parameters: {'learning_rate': 0.00010538071340604291, 'batch_size': 32, 'dropout_rate': 0.20858581236625434, 'weight_decay': 0.0004711294685434612}. Best is trial 23 with value: 0.9397849440574646.
Trial 38 finished with value: 0.8086021542549133 and parameters: {'learning_rate': 0.00010538071340604291, 'batch_size': 32, 'dropout_rate': 0.20858581236625434, 'weight_decay': 0.0004711294685434612}. Best is trial 23 with value: 0.9397849440574646.
2024-12-17 02:32:39 - ========================================================================================================================================================================================================
2024-12-17 02:32:39 - Trial 39:
2024-12-17 02:32:39 - Train Accuracy: 0.879167, Train Precision: 0.995567, Train Recall: 0.847439, Train F1 Score: 0.915550
2024-12-17 02:32:39 - Validation Accuracy: 0.599002, Validation Precision: 0.847826, Validation Recall: 0.587097, Validation F1 Score: 0.693774
Trial 39 finished with value: 0.5870967507362366 and parameters: {'learning_rate': 2.404899885627137e-05, 'batch_size': 64, 'dropout_rate': 0.1600315248865838, 'weight_decay': 0.0007617386485138459}. Best is trial 23 with value: 0.9397849440574646.
Trial 39 finished with value: 0.5870967507362366 and parameters: {'learning_rate': 2.404899885627137e-05, 'batch_size': 64, 'dropout_rate': 0.1600315248865838, 'weight_decay': 0.0007617386485138459}. Best is trial 23 with value: 0.9397849440574646.
2024-12-17 02:33:58 - ========================================================================================================================================================================================================
2024-12-17 02:33:58 - Trial 40:
2024-12-17 02:33:58 - Train Accuracy: 0.914583, Train Precision: 0.979094, Train Recall: 0.908895, Train F1 Score: 0.942689
2024-12-17 02:33:58 - Validation Accuracy: 0.697171, Validation Precision: 0.842615, Validation Recall: 0.748387, Validation F1 Score: 0.792711
Trial 40 finished with value: 0.7483870983123779 and parameters: {'learning_rate': 0.00016556995419402833, 'batch_size': 32, 'dropout_rate': 0.24148025613152807, 'weight_decay': 0.0002852020013908512}. Best is trial 23 with value: 0.9397849440574646.
