Trial 40 finished with value: 0.7483870983123779 and parameters: {'learning_rate': 0.00016556995419402833, 'batch_size': 32, 'dropout_rate': 0.24148025613152807, 'weight_decay': 0.0002852020013908512}. Best is trial 23 with value: 0.9397849440574646.
2024-12-17 02:35:17 - ========================================================================================================================================================================================================
2024-12-17 02:35:17 - Trial 41:
2024-12-17 02:35:17 - Train Accuracy: 0.962500, Train Precision: 0.985691, Train Recall: 0.965499, Train F1 Score: 0.975490
2024-12-17 02:35:17 - Validation Accuracy: 0.765391, Validation Precision: 0.818898, Validation Recall: 0.894624, Validation F1 Score: 0.855087
Trial 41 finished with value: 0.8946236371994019 and parameters: {'learning_rate': 0.00038276933580786457, 'batch_size': 32, 'dropout_rate': 0.19074745809691107, 'weight_decay': 0.00013188345339759045}. Best is trial 23 with value: 0.9397849440574646.
Trial 41 finished with value: 0.8946236371994019 and parameters: {'learning_rate': 0.00038276933580786457, 'batch_size': 32, 'dropout_rate': 0.19074745809691107, 'weight_decay': 0.00013188345339759045}. Best is trial 23 with value: 0.9397849440574646.
2024-12-17 02:36:36 - ========================================================================================================================================================================================================
2024-12-17 02:36:36 - Trial 42:
2024-12-17 02:36:36 - Train Accuracy: 0.967083, Train Precision: 0.993333, Train Recall: 0.963881, Train F1 Score: 0.978386
2024-12-17 02:36:36 - Validation Accuracy: 0.757072, Validation Precision: 0.797020, Validation Recall: 0.920430, Validation F1 Score: 0.854291
Trial 42 finished with value: 0.9204301238059998 and parameters: {'learning_rate': 0.0003333909209779954, 'batch_size': 32, 'dropout_rate': 0.17278611176162922, 'weight_decay': 8.50183672187716e-05}. Best is trial 23 with value: 0.9397849440574646.
Trial 42 finished with value: 0.9204301238059998 and parameters: {'learning_rate': 0.0003333909209779954, 'batch_size': 32, 'dropout_rate': 0.17278611176162922, 'weight_decay': 8.50183672187716e-05}. Best is trial 23 with value: 0.9397849440574646.
2024-12-17 02:37:56 - ========================================================================================================================================================================================================
2024-12-17 02:37:56 - Trial 43:
2024-12-17 02:37:56 - Train Accuracy: 0.975000, Train Precision: 0.993403, Train Recall: 0.974124, Train F1 Score: 0.983669
2024-12-17 02:37:56 - Validation Accuracy: 0.745424, Validation Precision: 0.817073, Validation Recall: 0.864516, Validation F1 Score: 0.840125
Trial 43 finished with value: 0.8645161390304565 and parameters: {'learning_rate': 0.0002924437607830852, 'batch_size': 32, 'dropout_rate': 0.1735912618185926, 'weight_decay': 8.297931400038272e-05}. Best is trial 23 with value: 0.9397849440574646.
Trial 43 finished with value: 0.8645161390304565 and parameters: {'learning_rate': 0.0002924437607830852, 'batch_size': 32, 'dropout_rate': 0.1735912618185926, 'weight_decay': 8.297931400038272e-05}. Best is trial 23 with value: 0.9397849440574646.
2024-12-17 02:39:15 - ========================================================================================================================================================================================================
2024-12-17 02:39:15 - Trial 44:
2024-12-17 02:39:15 - Train Accuracy: 0.970833, Train Precision: 0.992822, Train Recall: 0.969272, Train F1 Score: 0.980906
2024-12-17 02:39:15 - Validation Accuracy: 0.737105, Validation Precision: 0.796905, Validation Recall: 0.886021, Validation F1 Score: 0.839104
Trial 44 finished with value: 0.8860214948654175 and parameters: {'learning_rate': 0.0005039804600531043, 'batch_size': 32, 'dropout_rate': 0.1541542499531968, 'weight_decay': 7.710428460212911e-05}. Best is trial 23 with value: 0.9397849440574646.
Trial 44 finished with value: 0.8860214948654175 and parameters: {'learning_rate': 0.0005039804600531043, 'batch_size': 32, 'dropout_rate': 0.1541542499531968, 'weight_decay': 7.710428460212911e-05}. Best is trial 23 with value: 0.9397849440574646.
2024-12-17 02:40:19 - ========================================================================================================================================================================================================
2024-12-17 02:40:19 - Trial 45:
2024-12-17 02:40:19 - Train Accuracy: 0.959167, Train Precision: 0.986165, Train Recall: 0.960647, Train F1 Score: 0.973239
2024-12-17 02:40:19 - Validation Accuracy: 0.727121, Validation Precision: 0.811594, Validation Recall: 0.843011, Validation F1 Score: 0.827004
Trial 45 finished with value: 0.8430107235908508 and parameters: {'learning_rate': 0.0006547728669272046, 'batch_size': 64, 'dropout_rate': 0.22464896314909777, 'weight_decay': 0.00043239363823004427}. Best is trial 23 with value: 0.9397849440574646.
Trial 45 finished with value: 0.8430107235908508 and parameters: {'learning_rate': 0.0006547728669272046, 'batch_size': 64, 'dropout_rate': 0.22464896314909777, 'weight_decay': 0.00043239363823004427}. Best is trial 23 with value: 0.9397849440574646.
2024-12-17 02:41:38 - ========================================================================================================================================================================================================
2024-12-17 02:41:38 - Trial 46:
2024-12-17 02:41:38 - Train Accuracy: 0.951250, Train Precision: 0.983853, Train Recall: 0.952561, Train F1 Score: 0.967954
2024-12-17 02:41:38 - Validation Accuracy: 0.725458, Validation Precision: 0.812500, Validation Recall: 0.838710, Validation F1 Score: 0.825397
Trial 46 finished with value: 0.8387096524238586 and parameters: {'learning_rate': 0.0003499673338044288, 'batch_size': 32, 'dropout_rate': 0.19958012830291882, 'weight_decay': 0.00029685658705011855}. Best is trial 23 with value: 0.9397849440574646.
Trial 46 finished with value: 0.8387096524238586 and parameters: {'learning_rate': 0.0003499673338044288, 'batch_size': 32, 'dropout_rate': 0.19958012830291882, 'weight_decay': 0.00029685658705011855}. Best is trial 23 with value: 0.9397849440574646.
2024-12-17 02:42:57 - ========================================================================================================================================================================================================
2024-12-17 02:42:57 - Trial 47:
2024-12-17 02:42:57 - Train Accuracy: 0.960833, Train Precision: 0.988353, Train Recall: 0.960647, Train F1 Score: 0.974303
2024-12-17 02:42:57 - Validation Accuracy: 0.753744, Validation Precision: 0.833684, Validation Recall: 0.851613, Validation F1 Score: 0.842553
Trial 47 finished with value: 0.85161292552948 and parameters: {'learning_rate': 0.000255791550704408, 'batch_size': 32, 'dropout_rate': 0.18734690961562203, 'weight_decay': 0.00021188488127433003}. Best is trial 23 with value: 0.9397849440574646.
Trial 47 finished with value: 0.85161292552948 and parameters: {'learning_rate': 0.000255791550704408, 'batch_size': 32, 'dropout_rate': 0.18734690961562203, 'weight_decay': 0.00021188488127433003}. Best is trial 23 with value: 0.9397849440574646.
2024-12-17 02:44:16 - ========================================================================================================================================================================================================
2024-12-17 02:44:16 - Trial 48:
2024-12-17 02:44:16 - Train Accuracy: 0.957083, Train Precision: 0.991583, Train Recall: 0.952561, Train F1 Score: 0.971680
2024-12-17 02:44:16 - Validation Accuracy: 0.698835, Validation Precision: 0.828704, Validation Recall: 0.769892, Validation F1 Score: 0.798216
Trial 48 finished with value: 0.7698924541473389 and parameters: {'learning_rate': 0.00013321650843187044, 'batch_size': 32, 'dropout_rate': 0.1668468239718688, 'weight_decay': 9.949600989328163e-05}. Best is trial 23 with value: 0.9397849440574646.
Trial 48 finished with value: 0.7698924541473389 and parameters: {'learning_rate': 0.00013321650843187044, 'batch_size': 32, 'dropout_rate': 0.1668468239718688, 'weight_decay': 9.949600989328163e-05}. Best is trial 23 with value: 0.9397849440574646.
2024-12-17 02:45:20 - ========================================================================================================================================================================================================
2024-12-17 02:45:20 - Trial 49:
2024-12-17 02:45:20 - Train Accuracy: 0.955000, Train Precision: 0.987716, Train Recall: 0.953639, Train F1 Score: 0.970379
2024-12-17 02:45:20 - Validation Accuracy: 0.728785, Validation Precision: 0.822650, Validation Recall: 0.827957, Validation F1 Score: 0.825295
Trial 49 finished with value: 0.8279569745063782 and parameters: {'learning_rate': 0.00019368980716235595, 'batch_size': 64, 'dropout_rate': 0.20680529901424688, 'weight_decay': 0.0009814339349408447}. Best is trial 23 with value: 0.9397849440574646.
Trial 49 finished with value: 0.8279569745063782 and parameters: {'learning_rate': 0.00019368980716235595, 'batch_size': 64, 'dropout_rate': 0.20680529901424688, 'weight_decay': 0.0009814339349408447}. Best is trial 23 with value: 0.9397849440574646.
2024-12-17 02:46:39 - ========================================================================================================================================================================================================
2024-12-17 02:46:39 - Trial 50:
2024-12-17 02:46:39 - Train Accuracy: 0.953333, Train Precision: 0.985515, Train Recall: 0.953639, Train F1 Score: 0.969315
2024-12-17 02:46:39 - Validation Accuracy: 0.747088, Validation Precision: 0.813627, Validation Recall: 0.873118, Validation F1 Score: 0.842324
Trial 50 finished with value: 0.8731182813644409 and parameters: {'learning_rate': 0.00044895325228829365, 'batch_size': 32, 'dropout_rate': 0.22070416765629108, 'weight_decay': 0.00014613847789590696}. Best is trial 23 with value: 0.9397849440574646.
Trial 50 finished with value: 0.8731182813644409 and parameters: {'learning_rate': 0.00044895325228829365, 'batch_size': 32, 'dropout_rate': 0.22070416765629108, 'weight_decay': 0.00014613847789590696}. Best is trial 23 with value: 0.9397849440574646.
2024-12-17 02:47:58 - ========================================================================================================================================================================================================
2024-12-17 02:47:58 - Trial 51:
2024-12-17 02:47:58 - Train Accuracy: 0.954167, Train Precision: 0.987703, Train Recall: 0.952561, Train F1 Score: 0.969813
2024-12-17 02:47:58 - Validation Accuracy: 0.743760, Validation Precision: 0.828753, Validation Recall: 0.843011, Validation F1 Score: 0.835821
Trial 51 finished with value: 0.8430107235908508 and parameters: {'learning_rate': 0.00034991144616139516, 'batch_size': 32, 'dropout_rate': 0.1838551341903212, 'weight_decay': 0.00013765070180162125}. Best is trial 23 with value: 0.9397849440574646.
Trial 51 finished with value: 0.8430107235908508 and parameters: {'learning_rate': 0.00034991144616139516, 'batch_size': 32, 'dropout_rate': 0.1838551341903212, 'weight_decay': 0.00013765070180162125}. Best is trial 23 with value: 0.9397849440574646.
2024-12-17 02:49:17 - ========================================================================================================================================================================================================
2024-12-17 02:49:17 - Trial 52:
2024-12-17 02:49:17 - Train Accuracy: 0.926250, Train Precision: 0.978335, Train Recall: 0.925067, Train F1 Score: 0.950956
2024-12-17 02:49:17 - Validation Accuracy: 0.718802, Validation Precision: 0.825991, Validation Recall: 0.806452, Validation F1 Score: 0.816104
Trial 52 finished with value: 0.8064516186714172 and parameters: {'learning_rate': 0.0006460601325564893, 'batch_size': 32, 'dropout_rate': 0.27473597823679324, 'weight_decay': 0.00010614972946884926}. Best is trial 23 with value: 0.9397849440574646.
Trial 52 finished with value: 0.8064516186714172 and parameters: {'learning_rate': 0.0006460601325564893, 'batch_size': 32, 'dropout_rate': 0.27473597823679324, 'weight_decay': 0.00010614972946884926}. Best is trial 23 with value: 0.9397849440574646.
2024-12-17 02:50:36 - ========================================================================================================================================================================================================
2024-12-17 02:50:36 - Trial 53:
2024-12-17 02:50:36 - Train Accuracy: 0.947917, Train Precision: 0.987050, Train Recall: 0.945013, Train F1 Score: 0.965574
2024-12-17 02:50:36 - Validation Accuracy: 0.727121, Validation Precision: 0.811594, Validation Recall: 0.843011, Validation F1 Score: 0.827004
Trial 53 finished with value: 0.8430107235908508 and parameters: {'learning_rate': 0.000434513379680556, 'batch_size': 32, 'dropout_rate': 0.17378315727871607, 'weight_decay': 0.00019597393266418438}. Best is trial 23 with value: 0.9397849440574646.
Trial 53 finished with value: 0.8430107235908508 and parameters: {'learning_rate': 0.000434513379680556, 'batch_size': 32, 'dropout_rate': 0.17378315727871607, 'weight_decay': 0.00019597393266418438}. Best is trial 23 with value: 0.9397849440574646.
2024-12-17 02:51:56 - ========================================================================================================================================================================================================
2024-12-17 02:51:56 - Trial 54:
2024-12-17 02:51:56 - Train Accuracy: 0.940000, Train Precision: 0.986356, Train Recall: 0.935310, Train F1 Score: 0.960155
2024-12-17 02:51:56 - Validation Accuracy: 0.607321, Validation Precision: 0.794344, Validation Recall: 0.664516, Validation F1 Score: 0.723653
Trial 54 finished with value: 0.6645161509513855 and parameters: {'learning_rate': 0.00026869736656332145, 'batch_size': 32, 'dropout_rate': 0.1965162821842396, 'weight_decay': 5.7135780136971206e-05}. Best is trial 23 with value: 0.9397849440574646.
Trial 54 finished with value: 0.6645161509513855 and parameters: {'learning_rate': 0.00026869736656332145, 'batch_size': 32, 'dropout_rate': 0.1965162821842396, 'weight_decay': 5.7135780136971206e-05}. Best is trial 23 with value: 0.9397849440574646.
2024-12-17 02:53:15 - ========================================================================================================================================================================================================
2024-12-17 02:53:15 - Trial 55:
2024-12-17 02:53:15 - Train Accuracy: 0.981667, Train Precision: 0.994538, Train Recall: 0.981671, Train F1 Score: 0.988063
2024-12-17 02:53:15 - Validation Accuracy: 0.755408, Validation Precision: 0.803435, Validation Recall: 0.905376, Validation F1 Score: 0.851365
Trial 55 finished with value: 0.9053763151168823 and parameters: {'learning_rate': 0.00035557939448160793, 'batch_size': 32, 'dropout_rate': 0.15857654767026655, 'weight_decay': 0.00015497733285827397}. Best is trial 23 with value: 0.9397849440574646.
Trial 55 finished with value: 0.9053763151168823 and parameters: {'learning_rate': 0.00035557939448160793, 'batch_size': 32, 'dropout_rate': 0.15857654767026655, 'weight_decay': 0.00015497733285827397}. Best is trial 23 with value: 0.9397849440574646.
2024-12-17 02:54:34 - ========================================================================================================================================================================================================
2024-12-17 02:54:34 - Trial 56:
2024-12-17 02:54:34 - Train Accuracy: 0.967500, Train Precision: 0.992790, Train Recall: 0.964960, Train F1 Score: 0.978677
2024-12-17 02:54:34 - Validation Accuracy: 0.730449, Validation Precision: 0.845102, Validation Recall: 0.797849, Validation F1 Score: 0.820796
Trial 56 finished with value: 0.7978494763374329 and parameters: {'learning_rate': 0.00017074581762618708, 'batch_size': 32, 'dropout_rate': 0.15837684762615542, 'weight_decay': 4.296823605773e-05}. Best is trial 23 with value: 0.9397849440574646.
Trial 56 finished with value: 0.7978494763374329 and parameters: {'learning_rate': 0.00017074581762618708, 'batch_size': 32, 'dropout_rate': 0.15837684762615542, 'weight_decay': 4.296823605773e-05}. Best is trial 23 with value: 0.9397849440574646.
2024-12-17 02:55:53 - ========================================================================================================================================================================================================
2024-12-17 02:55:53 - Trial 57:
2024-12-17 02:55:53 - Train Accuracy: 0.964167, Train Precision: 0.992758, Train Recall: 0.960647, Train F1 Score: 0.976438
2024-12-17 02:55:53 - Validation Accuracy: 0.700499, Validation Precision: 0.830626, Validation Recall: 0.769892, Validation F1 Score: 0.799107
Trial 57 finished with value: 0.7698924541473389 and parameters: {'learning_rate': 0.00031533790682290486, 'batch_size': 32, 'dropout_rate': 0.16839130758316323, 'weight_decay': 7.161493390674601e-05}. Best is trial 23 with value: 0.9397849440574646.
Trial 57 finished with value: 0.7698924541473389 and parameters: {'learning_rate': 0.00031533790682290486, 'batch_size': 32, 'dropout_rate': 0.16839130758316323, 'weight_decay': 7.161493390674601e-05}. Best is trial 23 with value: 0.9397849440574646.
2024-12-17 02:56:54 - ========================================================================================================================================================================================================
2024-12-17 02:56:54 - Trial 58:
2024-12-17 02:56:54 - Train Accuracy: 0.977083, Train Precision: 0.993421, Train Recall: 0.976819, Train F1 Score: 0.985050
2024-12-17 02:56:54 - Validation Accuracy: 0.703827, Validation Precision: 0.808602, Validation Recall: 0.808602, Validation F1 Score: 0.808602
Trial 58 finished with value: 0.8086021542549133 and parameters: {'learning_rate': 0.0008039310312806702, 'batch_size': 128, 'dropout_rate': 0.1507200415163298, 'weight_decay': 0.00011444477173170403}. Best is trial 23 with value: 0.9397849440574646.
Trial 58 finished with value: 0.8086021542549133 and parameters: {'learning_rate': 0.0008039310312806702, 'batch_size': 128, 'dropout_rate': 0.1507200415163298, 'weight_decay': 0.00011444477173170403}. Best is trial 23 with value: 0.9397849440574646.
2024-12-17 02:58:13 - ========================================================================================================================================================================================================
2024-12-17 02:58:13 - Trial 59:
2024-12-17 02:58:13 - Train Accuracy: 0.967083, Train Precision: 0.993333, Train Recall: 0.963881, Train F1 Score: 0.978386
2024-12-17 02:58:13 - Validation Accuracy: 0.680532, Validation Precision: 0.784969, Validation Recall: 0.808602, Validation F1 Score: 0.796610
Trial 59 finished with value: 0.8086021542549133 and parameters: {'learning_rate': 0.00021743476836973111, 'batch_size': 32, 'dropout_rate': 0.1627395815898098, 'weight_decay': 0.00032787183206641645}. Best is trial 23 with value: 0.9397849440574646.
Trial 59 finished with value: 0.8086021542549133 and parameters: {'learning_rate': 0.00021743476836973111, 'batch_size': 32, 'dropout_rate': 0.1627395815898098, 'weight_decay': 0.00032787183206641645}. Best is trial 23 with value: 0.9397849440574646.
2024-12-17 02:59:32 - ========================================================================================================================================================================================================
2024-12-17 02:59:32 - Trial 60:
2024-12-17 02:59:32 - Train Accuracy: 0.965000, Train Precision: 0.995523, Train Recall: 0.959030, Train F1 Score: 0.976936
2024-12-17 02:59:32 - Validation Accuracy: 0.728785, Validation Precision: 0.785985, Validation Recall: 0.892473, Validation F1 Score: 0.835851
Trial 60 finished with value: 0.8924731016159058 and parameters: {'learning_rate': 0.0002239055054218056, 'batch_size': 32, 'dropout_rate': 0.1762925567634565, 'weight_decay': 0.0001669628195643204}. Best is trial 23 with value: 0.9397849440574646.
Trial 60 finished with value: 0.8924731016159058 and parameters: {'learning_rate': 0.0002239055054218056, 'batch_size': 32, 'dropout_rate': 0.1762925567634565, 'weight_decay': 0.0001669628195643204}. Best is trial 23 with value: 0.9397849440574646.
2024-12-17 03:00:51 - ========================================================================================================================================================================================================
2024-12-17 03:00:51 - Trial 61:
2024-12-17 03:00:51 - Train Accuracy: 0.980833, Train Precision: 0.998347, Train Recall: 0.976819, Train F1 Score: 0.987466
2024-12-17 03:00:51 - Validation Accuracy: 0.713810, Validation Precision: 0.830700, Validation Recall: 0.791398, Validation F1 Score: 0.810573
Trial 61 finished with value: 0.7913978695869446 and parameters: {'learning_rate': 0.00039821750075087384, 'batch_size': 32, 'dropout_rate': 0.18323876720624604, 'weight_decay': 0.0002550217120887064}. Best is trial 23 with value: 0.9397849440574646.
