A new study created in memory with name: no-name-b5b2c849-df2a-4060-af8c-28ede827b18f
Trial 0 failed with parameters: {'learning_rate': 2.8158402734449516e-05, 'batch_size': 32, 'dropout_rate': 0.23195902165136245, 'weight_decay': 0.0008930203933325087} because of the following error: KeyboardInterrupt().
Traceback (most recent call last):
  File "c:\Users\Nico\anaconda3\envs\dev310-mldl\lib\site-packages\optuna\study\_optimize.py", line 197, in _run_trial
    value_or_values = func(trial)
  File "C:\Users\Nico\AppData\Local\Temp\ipykernel_17636\2315036112.py", line 40, in objective
    metrics = model.fit(dl_train, dl_val, num_epochs=30)  # 減少 Epochs 加快調參速度
  File "C:\Users\Nico\AppData\Local\Temp\ipykernel_17636\3770481338.py", line 93, in fit
    train_loss, train_acc, train_precision, train_recall, train_f1 = self.train_step(dl_train)
  File "C:\Users\Nico\AppData\Local\Temp\ipykernel_17636\3770481338.py", line 26, in train_step
    train_loss += loss_value.item()
KeyboardInterrupt
Trial 0 failed with value None.
A new study created in memory with name: no-name-f540332b-e5b6-4566-a57b-5b6f0ac9a7a6
A new study created in memory with name: no-name-f540332b-e5b6-4566-a57b-5b6f0ac9a7a6
2024-12-17 01:38:27 - ========================================================================================================================================================================================================
2024-12-17 01:38:27 - Trial 0:
2024-12-17 01:38:27 - Train Accuracy: 0.781250, Train Precision: 0.976361, Train Recall: 0.734771, Train F1 Score: 0.838511
2024-12-17 01:38:27 - Validation Accuracy: 0.658902, Validation Precision: 0.838542, Validation Recall: 0.692473, Validation F1 Score: 0.758539
Trial 0 finished with value: 0.6924731135368347 and parameters: {'learning_rate': 2.8169037130024615e-05, 'batch_size': 64, 'dropout_rate': 0.22907755423729326, 'weight_decay': 9.910384496388834e-05}. Best is trial 0 with value: 0.6924731135368347.
Trial 0 finished with value: 0.6924731135368347 and parameters: {'learning_rate': 2.8169037130024615e-05, 'batch_size': 64, 'dropout_rate': 0.22907755423729326, 'weight_decay': 9.910384496388834e-05}. Best is trial 0 with value: 0.6924731135368347.
2024-12-17 01:39:40 - ========================================================================================================================================================================================================
2024-12-17 01:39:40 - Trial 1:
2024-12-17 01:39:40 - Train Accuracy: 0.903333, Train Precision: 0.978197, Train Recall: 0.894879, Train F1 Score: 0.934685
2024-12-17 01:39:40 - Validation Accuracy: 0.657238, Validation Precision: 0.796339, Validation Recall: 0.748387, Validation F1 Score: 0.771619
Trial 1 finished with value: 0.7483870983123779 and parameters: {'learning_rate': 0.0002895734559764826, 'batch_size': 64, 'dropout_rate': 0.28215166618305165, 'weight_decay': 2.4536582836040413e-05}. Best is trial 1 with value: 0.7483870983123779.
Trial 1 finished with value: 0.7483870983123779 and parameters: {'learning_rate': 0.0002895734559764826, 'batch_size': 64, 'dropout_rate': 0.28215166618305165, 'weight_decay': 2.4536582836040413e-05}. Best is trial 1 with value: 0.7483870983123779.
2024-12-17 01:40:53 - ========================================================================================================================================================================================================
2024-12-17 01:40:53 - Trial 2:
2024-12-17 01:40:53 - Train Accuracy: 0.886250, Train Precision: 0.985276, Train Recall: 0.865768, Train F1 Score: 0.921664
2024-12-17 01:40:53 - Validation Accuracy: 0.720466, Validation Precision: 0.827815, Validation Recall: 0.806452, Validation F1 Score: 0.816993
Trial 2 finished with value: 0.8064516186714172 and parameters: {'learning_rate': 8.426990504321141e-05, 'batch_size': 64, 'dropout_rate': 0.22518925378189883, 'weight_decay': 0.00021667584138760726}. Best is trial 2 with value: 0.8064516186714172.
Trial 2 finished with value: 0.8064516186714172 and parameters: {'learning_rate': 8.426990504321141e-05, 'batch_size': 64, 'dropout_rate': 0.22518925378189883, 'weight_decay': 0.00021667584138760726}. Best is trial 2 with value: 0.8064516186714172.
2024-12-17 01:42:04 - ========================================================================================================================================================================================================
2024-12-17 01:42:04 - Trial 3:
2024-12-17 01:42:04 - Train Accuracy: 0.936667, Train Precision: 0.984082, Train Recall: 0.933154, Train F1 Score: 0.957941
2024-12-17 01:42:04 - Validation Accuracy: 0.733777, Validation Precision: 0.819706, Validation Recall: 0.840860, Validation F1 Score: 0.830149
Trial 3 finished with value: 0.8408601880073547 and parameters: {'learning_rate': 0.0007173321824824167, 'batch_size': 128, 'dropout_rate': 0.29394572077129766, 'weight_decay': 4.840120907447846e-05}. Best is trial 3 with value: 0.8408601880073547.
Trial 3 finished with value: 0.8408601880073547 and parameters: {'learning_rate': 0.0007173321824824167, 'batch_size': 128, 'dropout_rate': 0.29394572077129766, 'weight_decay': 4.840120907447846e-05}. Best is trial 3 with value: 0.8408601880073547.
2024-12-17 01:43:16 - ========================================================================================================================================================================================================
2024-12-17 01:43:16 - Trial 4:
2024-12-17 01:43:16 - Train Accuracy: 0.857083, Train Precision: 0.967243, Train Recall: 0.843666, Train F1 Score: 0.901238
2024-12-17 01:43:16 - Validation Accuracy: 0.700499, Validation Precision: 0.841727, Validation Recall: 0.754839, Validation F1 Score: 0.795918
Trial 4 finished with value: 0.7548387050628662 and parameters: {'learning_rate': 0.0006675642784005046, 'batch_size': 64, 'dropout_rate': 0.3071660963061303, 'weight_decay': 5.658545599311537e-05}. Best is trial 3 with value: 0.8408601880073547.
Trial 4 finished with value: 0.7548387050628662 and parameters: {'learning_rate': 0.0006675642784005046, 'batch_size': 64, 'dropout_rate': 0.3071660963061303, 'weight_decay': 5.658545599311537e-05}. Best is trial 3 with value: 0.8408601880073547.
2024-12-17 01:44:28 - ========================================================================================================================================================================================================
2024-12-17 01:44:28 - Trial 5:
2024-12-17 01:44:28 - Train Accuracy: 0.777083, Train Precision: 0.987445, Train Recall: 0.720755, Train F1 Score: 0.833281
2024-12-17 01:44:28 - Validation Accuracy: 0.424293, Validation Precision: 0.865031, Validation Recall: 0.303226, Validation F1 Score: 0.449045
Trial 5 finished with value: 0.3032258152961731 and parameters: {'learning_rate': 1.4142773361039934e-05, 'batch_size': 64, 'dropout_rate': 0.19975089945497534, 'weight_decay': 5.1905565123351596e-05}. Best is trial 3 with value: 0.8408601880073547.
Trial 5 finished with value: 0.3032258152961731 and parameters: {'learning_rate': 1.4142773361039934e-05, 'batch_size': 64, 'dropout_rate': 0.19975089945497534, 'weight_decay': 5.1905565123351596e-05}. Best is trial 3 with value: 0.8408601880073547.
2024-12-17 01:45:40 - ========================================================================================================================================================================================================
2024-12-17 01:45:40 - Trial 6:
2024-12-17 01:45:40 - Train Accuracy: 0.980417, Train Precision: 0.996158, Train Recall: 0.978437, Train F1 Score: 0.987218
2024-12-17 01:45:40 - Validation Accuracy: 0.712146, Validation Precision: 0.845972, Validation Recall: 0.767742, Validation F1 Score: 0.804961
Trial 6 finished with value: 0.7677419185638428 and parameters: {'learning_rate': 0.000155696199415727, 'batch_size': 64, 'dropout_rate': 0.15542270748067047, 'weight_decay': 1.9203611692564984e-05}. Best is trial 3 with value: 0.8408601880073547.
Trial 6 finished with value: 0.7677419185638428 and parameters: {'learning_rate': 0.000155696199415727, 'batch_size': 64, 'dropout_rate': 0.15542270748067047, 'weight_decay': 1.9203611692564984e-05}. Best is trial 3 with value: 0.8408601880073547.
2024-12-17 01:46:54 - ========================================================================================================================================================================================================
2024-12-17 01:46:54 - Trial 7:
2024-12-17 01:46:54 - Train Accuracy: 0.644167, Train Precision: 0.937883, Train Recall: 0.577898, Train F1 Score: 0.715143
2024-12-17 01:46:54 - Validation Accuracy: 0.435940, Validation Precision: 0.853933, Validation Recall: 0.326882, Validation F1 Score: 0.472784
Trial 7 finished with value: 0.3268817067146301 and parameters: {'learning_rate': 1.0952179833947795e-05, 'batch_size': 128, 'dropout_rate': 0.3266052589323708, 'weight_decay': 0.0003382916562854684}. Best is trial 3 with value: 0.8408601880073547.
Trial 7 finished with value: 0.3268817067146301 and parameters: {'learning_rate': 1.0952179833947795e-05, 'batch_size': 128, 'dropout_rate': 0.3266052589323708, 'weight_decay': 0.0003382916562854684}. Best is trial 3 with value: 0.8408601880073547.
2024-12-17 01:48:09 - ========================================================================================================================================================================================================
2024-12-17 01:48:09 - Trial 8:
2024-12-17 01:48:09 - Train Accuracy: 0.711667, Train Precision: 0.967068, Train Recall: 0.649057, Train F1 Score: 0.776774
2024-12-17 01:48:09 - Validation Accuracy: 0.371048, Validation Precision: 0.884956, Validation Recall: 0.215054, Validation F1 Score: 0.346021
Trial 8 finished with value: 0.2150537669658661 and parameters: {'learning_rate': 1.0033224826212332e-05, 'batch_size': 128, 'dropout_rate': 0.23949719189440993, 'weight_decay': 0.0003687097254660531}. Best is trial 3 with value: 0.8408601880073547.
Trial 8 finished with value: 0.2150537669658661 and parameters: {'learning_rate': 1.0033224826212332e-05, 'batch_size': 128, 'dropout_rate': 0.23949719189440993, 'weight_decay': 0.0003687097254660531}. Best is trial 3 with value: 0.8408601880073547.
2024-12-17 01:49:24 - ========================================================================================================================================================================================================
2024-12-17 01:49:24 - Trial 9:
2024-12-17 01:49:24 - Train Accuracy: 0.960833, Train Precision: 0.990529, Train Recall: 0.958491, Train F1 Score: 0.974247
2024-12-17 01:49:24 - Validation Accuracy: 0.735441, Validation Precision: 0.814815, Validation Recall: 0.851613, Validation F1 Score: 0.832808
Trial 9 finished with value: 0.85161292552948 and parameters: {'learning_rate': 0.0009181818949929717, 'batch_size': 128, 'dropout_rate': 0.2515567872691873, 'weight_decay': 6.155250437167031e-05}. Best is trial 9 with value: 0.85161292552948.
Trial 9 finished with value: 0.85161292552948 and parameters: {'learning_rate': 0.0009181818949929717, 'batch_size': 128, 'dropout_rate': 0.2515567872691873, 'weight_decay': 6.155250437167031e-05}. Best is trial 9 with value: 0.85161292552948.
2024-12-17 01:51:07 - ========================================================================================================================================================================================================
2024-12-17 01:51:07 - Trial 10:
2024-12-17 01:51:07 - Train Accuracy: 0.827500, Train Precision: 0.956301, Train Recall: 0.814016, Train F1 Score: 0.879441
2024-12-17 01:51:07 - Validation Accuracy: 0.732113, Validation Precision: 0.833333, Validation Recall: 0.817204, Validation F1 Score: 0.825190
Trial 10 finished with value: 0.8172042965888977 and parameters: {'learning_rate': 7.539922245017661e-05, 'batch_size': 32, 'dropout_rate': 0.26811565722047753, 'weight_decay': 1.0372081555059516e-05}. Best is trial 9 with value: 0.85161292552948.
Trial 10 finished with value: 0.8172042965888977 and parameters: {'learning_rate': 7.539922245017661e-05, 'batch_size': 32, 'dropout_rate': 0.26811565722047753, 'weight_decay': 1.0372081555059516e-05}. Best is trial 9 with value: 0.85161292552948.
2024-12-17 01:52:15 - ========================================================================================================================================================================================================
2024-12-17 01:52:15 - Trial 11:
2024-12-17 01:52:15 - Train Accuracy: 0.830417, Train Precision: 0.949689, Train Recall: 0.824259, Train F1 Score: 0.882540
2024-12-17 01:52:15 - Validation Accuracy: 0.695507, Validation Precision: 0.838942, Validation Recall: 0.750538, Validation F1 Score: 0.792282
Trial 11 finished with value: 0.750537633895874 and parameters: {'learning_rate': 0.0008608603573517377, 'batch_size': 128, 'dropout_rate': 0.3447391186947472, 'weight_decay': 0.00011864952543298134}. Best is trial 9 with value: 0.85161292552948.
Trial 11 finished with value: 0.750537633895874 and parameters: {'learning_rate': 0.0008608603573517377, 'batch_size': 128, 'dropout_rate': 0.3447391186947472, 'weight_decay': 0.00011864952543298134}. Best is trial 9 with value: 0.85161292552948.
2024-12-17 01:53:25 - ========================================================================================================================================================================================================
2024-12-17 01:53:25 - Trial 12:
2024-12-17 01:53:25 - Train Accuracy: 0.841667, Train Precision: 0.962963, Train Recall: 0.826954, Train F1 Score: 0.889791
2024-12-17 01:53:25 - Validation Accuracy: 0.652246, Validation Precision: 0.849727, Validation Recall: 0.668817, Validation F1 Score: 0.748496
Trial 12 finished with value: 0.6688172221183777 and parameters: {'learning_rate': 0.0004009803924277975, 'batch_size': 128, 'dropout_rate': 0.2884857920875858, 'weight_decay': 0.0008997024018364017}. Best is trial 9 with value: 0.85161292552948.
Trial 12 finished with value: 0.6688172221183777 and parameters: {'learning_rate': 0.0004009803924277975, 'batch_size': 128, 'dropout_rate': 0.2884857920875858, 'weight_decay': 0.0008997024018364017}. Best is trial 9 with value: 0.85161292552948.
2024-12-17 01:54:47 - ========================================================================================================================================================================================================
2024-12-17 01:54:47 - Trial 13:
2024-12-17 01:54:47 - Train Accuracy: 0.952500, Train Precision: 0.994321, Train Recall: 0.943935, Train F1 Score: 0.968473
2024-12-17 01:54:47 - Validation Accuracy: 0.735441, Validation Precision: 0.821429, Validation Recall: 0.840860, Validation F1 Score: 0.831031
Trial 13 finished with value: 0.8408601880073547 and parameters: {'learning_rate': 0.0003514733139016721, 'batch_size': 128, 'dropout_rate': 0.2601340785295433, 'weight_decay': 4.5704548094657444e-05}. Best is trial 9 with value: 0.85161292552948.
Trial 13 finished with value: 0.8408601880073547 and parameters: {'learning_rate': 0.0003514733139016721, 'batch_size': 128, 'dropout_rate': 0.2601340785295433, 'weight_decay': 4.5704548094657444e-05}. Best is trial 9 with value: 0.85161292552948.
2024-12-17 01:56:31 - ========================================================================================================================================================================================================
2024-12-17 01:56:31 - Trial 14:
2024-12-17 01:56:31 - Train Accuracy: 0.944167, Train Precision: 0.988088, Train Recall: 0.939084, Train F1 Score: 0.962963
2024-12-17 01:56:31 - Validation Accuracy: 0.733777, Validation Precision: 0.823779, Validation Recall: 0.834409, Validation F1 Score: 0.829060
Trial 14 finished with value: 0.8344085812568665 and parameters: {'learning_rate': 0.0009852667562888719, 'batch_size': 32, 'dropout_rate': 0.19841426464204712, 'weight_decay': 0.0001077526207084479}. Best is trial 9 with value: 0.85161292552948.
Trial 14 finished with value: 0.8344085812568665 and parameters: {'learning_rate': 0.0009852667562888719, 'batch_size': 32, 'dropout_rate': 0.19841426464204712, 'weight_decay': 0.0001077526207084479}. Best is trial 9 with value: 0.85161292552948.
2024-12-17 01:57:57 - ========================================================================================================================================================================================================
2024-12-17 01:57:57 - Trial 15:
2024-12-17 01:57:57 - Train Accuracy: 0.890833, Train Precision: 0.979530, Train Recall: 0.877089, Train F1 Score: 0.925484
2024-12-17 01:57:57 - Validation Accuracy: 0.620632, Validation Precision: 0.843478, Validation Recall: 0.625806, Validation F1 Score: 0.718518
Trial 15 finished with value: 0.625806450843811 and parameters: {'learning_rate': 0.00018777325634361056, 'batch_size': 128, 'dropout_rate': 0.30143547473713395, 'weight_decay': 2.94068032942087e-05}. Best is trial 9 with value: 0.85161292552948.
Trial 15 finished with value: 0.625806450843811 and parameters: {'learning_rate': 0.00018777325634361056, 'batch_size': 128, 'dropout_rate': 0.30143547473713395, 'weight_decay': 2.94068032942087e-05}. Best is trial 9 with value: 0.85161292552948.
2024-12-17 01:59:19 - ========================================================================================================================================================================================================
2024-12-17 01:59:19 - Trial 16:
2024-12-17 01:59:19 - Train Accuracy: 0.871250, Train Precision: 0.969053, Train Recall: 0.860916, Train F1 Score: 0.911790
2024-12-17 01:59:19 - Validation Accuracy: 0.715474, Validation Precision: 0.832579, Validation Recall: 0.791398, Validation F1 Score: 0.811466
Trial 16 finished with value: 0.7913978695869446 and parameters: {'learning_rate': 0.0005556882499901743, 'batch_size': 128, 'dropout_rate': 0.32067918169911147, 'weight_decay': 1.2640332596469652e-05}. Best is trial 9 with value: 0.85161292552948.
Trial 16 finished with value: 0.7913978695869446 and parameters: {'learning_rate': 0.0005556882499901743, 'batch_size': 128, 'dropout_rate': 0.32067918169911147, 'weight_decay': 1.2640332596469652e-05}. Best is trial 9 with value: 0.85161292552948.
2024-12-17 02:00:34 - ========================================================================================================================================================================================================
2024-12-17 02:00:34 - Trial 17:
2024-12-17 02:00:34 - Train Accuracy: 0.815833, Train Precision: 0.985567, Train Recall: 0.773046, Train F1 Score: 0.866465
2024-12-17 02:00:34 - Validation Accuracy: 0.432612, Validation Precision: 0.856322, Validation Recall: 0.320430, Validation F1 Score: 0.466354
Trial 17 finished with value: 0.32043009996414185 and parameters: {'learning_rate': 5.2701639486797875e-05, 'batch_size': 128, 'dropout_rate': 0.2521900385069516, 'weight_decay': 6.852571448182026e-05}. Best is trial 9 with value: 0.85161292552948.
Trial 17 finished with value: 0.32043009996414185 and parameters: {'learning_rate': 5.2701639486797875e-05, 'batch_size': 128, 'dropout_rate': 0.2521900385069516, 'weight_decay': 6.852571448182026e-05}. Best is trial 9 with value: 0.85161292552948.
2024-12-17 02:02:03 - ========================================================================================================================================================================================================
2024-12-17 02:02:03 - Trial 18:
2024-12-17 02:02:03 - Train Accuracy: 0.956250, Train Precision: 0.987194, Train Recall: 0.955795, Train F1 Score: 0.971241
2024-12-17 02:02:03 - Validation Accuracy: 0.755408, Validation Precision: 0.803435, Validation Recall: 0.905376, Validation F1 Score: 0.851365
Trial 18 finished with value: 0.9053763151168823 and parameters: {'learning_rate': 0.00021384578810045688, 'batch_size': 32, 'dropout_rate': 0.2035272321138425, 'weight_decay': 0.00017637951159957688}. Best is trial 18 with value: 0.9053763151168823.
Trial 18 finished with value: 0.9053763151168823 and parameters: {'learning_rate': 0.00021384578810045688, 'batch_size': 32, 'dropout_rate': 0.2035272321138425, 'weight_decay': 0.00017637951159957688}. Best is trial 18 with value: 0.9053763151168823.
2024-12-17 02:03:33 - ========================================================================================================================================================================================================
2024-12-17 02:03:33 - Trial 19:
2024-12-17 02:03:33 - Train Accuracy: 0.965000, Train Precision: 0.991671, Train Recall: 0.962803, Train F1 Score: 0.977024
2024-12-17 02:03:33 - Validation Accuracy: 0.682196, Validation Precision: 0.829327, Validation Recall: 0.741935, Validation F1 Score: 0.783201
Trial 19 finished with value: 0.7419354915618896 and parameters: {'learning_rate': 0.00018056908078900106, 'batch_size': 32, 'dropout_rate': 0.1669284107020489, 'weight_decay': 0.0001801527607315006}. Best is trial 18 with value: 0.9053763151168823.
