Trial 61 finished with value: 0.7913978695869446 and parameters: {'learning_rate': 0.00039821750075087384, 'batch_size': 32, 'dropout_rate': 0.18323876720624604, 'weight_decay': 0.0002550217120887064}. Best is trial 23 with value: 0.9397849440574646.
2024-12-17 03:02:10 - ========================================================================================================================================================================================================
2024-12-17 03:02:10 - Trial 62:
2024-12-17 03:02:10 - Train Accuracy: 0.959583, Train Precision: 0.987791, Train Recall: 0.959569, Train F1 Score: 0.973476
2024-12-17 03:02:10 - Validation Accuracy: 0.777038, Validation Precision: 0.783876, Validation Recall: 0.982796, Validation F1 Score: 0.872137
Trial 62 finished with value: 0.9827957153320312 and parameters: {'learning_rate': 0.00036629023640623776, 'batch_size': 32, 'dropout_rate': 0.19566486542199024, 'weight_decay': 0.0001236434480604789}. Best is trial 62 with value: 0.9827957153320312.
Trial 62 finished with value: 0.9827957153320312 and parameters: {'learning_rate': 0.00036629023640623776, 'batch_size': 32, 'dropout_rate': 0.19566486542199024, 'weight_decay': 0.0001236434480604789}. Best is trial 62 with value: 0.9827957153320312.
2024-12-17 03:03:29 - ========================================================================================================================================================================================================
2024-12-17 03:03:29 - Trial 63:
2024-12-17 03:03:29 - Train Accuracy: 0.944167, Train Precision: 0.985884, Train Recall: 0.941240, Train F1 Score: 0.963045
2024-12-17 03:03:29 - Validation Accuracy: 0.740433, Validation Precision: 0.819876, Validation Recall: 0.851613, Validation F1 Score: 0.835443
Trial 63 finished with value: 0.85161292552948 and parameters: {'learning_rate': 0.0005538930574014853, 'batch_size': 32, 'dropout_rate': 0.20352270167059958, 'weight_decay': 9.461089521569417e-05}. Best is trial 62 with value: 0.9827957153320312.
Trial 63 finished with value: 0.85161292552948 and parameters: {'learning_rate': 0.0005538930574014853, 'batch_size': 32, 'dropout_rate': 0.20352270167059958, 'weight_decay': 9.461089521569417e-05}. Best is trial 62 with value: 0.9827957153320312.
2024-12-17 03:04:48 - ========================================================================================================================================================================================================
2024-12-17 03:04:48 - Trial 64:
2024-12-17 03:04:48 - Train Accuracy: 0.966667, Train Precision: 0.992782, Train Recall: 0.963881, Train F1 Score: 0.978118
2024-12-17 03:04:48 - Validation Accuracy: 0.768719, Validation Precision: 0.813462, Validation Recall: 0.909677, Validation F1 Score: 0.858883
Trial 64 finished with value: 0.9096774458885193 and parameters: {'learning_rate': 0.00033383194943741, 'batch_size': 32, 'dropout_rate': 0.19528821766864696, 'weight_decay': 0.00015561211234169632}. Best is trial 62 with value: 0.9827957153320312.
Trial 64 finished with value: 0.9096774458885193 and parameters: {'learning_rate': 0.00033383194943741, 'batch_size': 32, 'dropout_rate': 0.19528821766864696, 'weight_decay': 0.00015561211234169632}. Best is trial 62 with value: 0.9827957153320312.
2024-12-17 03:06:08 - ========================================================================================================================================================================================================
2024-12-17 03:06:08 - Trial 65:
2024-12-17 03:06:08 - Train Accuracy: 0.963750, Train Precision: 0.993304, Train Recall: 0.959569, Train F1 Score: 0.976145
2024-12-17 03:06:08 - Validation Accuracy: 0.752080, Validation Precision: 0.792593, Validation Recall: 0.920430, Validation F1 Score: 0.851741
Trial 65 finished with value: 0.9204301238059998 and parameters: {'learning_rate': 0.00031094953335030135, 'batch_size': 32, 'dropout_rate': 0.1947398688748643, 'weight_decay': 6.435412389560543e-05}. Best is trial 62 with value: 0.9827957153320312.
Trial 65 finished with value: 0.9204301238059998 and parameters: {'learning_rate': 0.00031094953335030135, 'batch_size': 32, 'dropout_rate': 0.1947398688748643, 'weight_decay': 6.435412389560543e-05}. Best is trial 62 with value: 0.9827957153320312.
2024-12-17 03:07:27 - ========================================================================================================================================================================================================
2024-12-17 03:07:27 - Trial 66:
2024-12-17 03:07:27 - Train Accuracy: 0.962083, Train Precision: 0.988914, Train Recall: 0.961725, Train F1 Score: 0.975130
2024-12-17 03:07:27 - Validation Accuracy: 0.755408, Validation Precision: 0.779930, Validation Recall: 0.952688, Validation F1 Score: 0.857696
Trial 66 finished with value: 0.9526881575584412 and parameters: {'learning_rate': 0.0003225723231800388, 'batch_size': 32, 'dropout_rate': 0.21173558298479425, 'weight_decay': 3.579798825436393e-05}. Best is trial 62 with value: 0.9827957153320312.
Trial 66 finished with value: 0.9526881575584412 and parameters: {'learning_rate': 0.0003225723231800388, 'batch_size': 32, 'dropout_rate': 0.21173558298479425, 'weight_decay': 3.579798825436393e-05}. Best is trial 62 with value: 0.9827957153320312.
2024-12-17 03:08:46 - ========================================================================================================================================================================================================
2024-12-17 03:08:46 - Trial 67:
2024-12-17 03:08:46 - Train Accuracy: 0.940417, Train Precision: 0.985812, Train Recall: 0.936388, Train F1 Score: 0.960464
2024-12-17 03:08:46 - Validation Accuracy: 0.758735, Validation Precision: 0.803030, Validation Recall: 0.911828, Validation F1 Score: 0.853978
Trial 67 finished with value: 0.9118279814720154 and parameters: {'learning_rate': 0.0002527968105844382, 'batch_size': 32, 'dropout_rate': 0.21154931705201688, 'weight_decay': 2.697825934062884e-05}. Best is trial 62 with value: 0.9827957153320312.
Trial 67 finished with value: 0.9118279814720154 and parameters: {'learning_rate': 0.0002527968105844382, 'batch_size': 32, 'dropout_rate': 0.21154931705201688, 'weight_decay': 2.697825934062884e-05}. Best is trial 62 with value: 0.9827957153320312.
2024-12-17 03:09:47 - ========================================================================================================================================================================================================
2024-12-17 03:09:47 - Trial 68:
2024-12-17 03:09:47 - Train Accuracy: 0.961250, Train Precision: 0.989989, Train Recall: 0.959569, Train F1 Score: 0.974541
2024-12-17 03:09:47 - Validation Accuracy: 0.753744, Validation Precision: 0.820202, Validation Recall: 0.873118, Validation F1 Score: 0.845833
Trial 68 finished with value: 0.8731182813644409 and parameters: {'learning_rate': 0.0004253899022263176, 'batch_size': 128, 'dropout_rate': 0.2481408579590937, 'weight_decay': 1.9338954248203188e-05}. Best is trial 62 with value: 0.9827957153320312.
Trial 68 finished with value: 0.8731182813644409 and parameters: {'learning_rate': 0.0004253899022263176, 'batch_size': 128, 'dropout_rate': 0.2481408579590937, 'weight_decay': 1.9338954248203188e-05}. Best is trial 62 with value: 0.9827957153320312.
2024-12-17 03:10:51 - ========================================================================================================================================================================================================
2024-12-17 03:10:51 - Trial 69:
2024-12-17 03:10:51 - Train Accuracy: 0.945417, Train Precision: 0.986456, Train Recall: 0.942318, Train F1 Score: 0.963882
2024-12-17 03:10:51 - Validation Accuracy: 0.758735, Validation Precision: 0.807692, Validation Recall: 0.903226, Validation F1 Score: 0.852792
Trial 69 finished with value: 0.9032257795333862 and parameters: {'learning_rate': 0.0005115418739202134, 'batch_size': 64, 'dropout_rate': 0.2142173317162931, 'weight_decay': 3.32862775593347e-05}. Best is trial 62 with value: 0.9827957153320312.
Trial 69 finished with value: 0.9032257795333862 and parameters: {'learning_rate': 0.0005115418739202134, 'batch_size': 64, 'dropout_rate': 0.2142173317162931, 'weight_decay': 3.32862775593347e-05}. Best is trial 62 with value: 0.9827957153320312.
2024-12-17 03:12:10 - ========================================================================================================================================================================================================
2024-12-17 03:12:10 - Trial 70:
2024-12-17 03:12:10 - Train Accuracy: 0.923750, Train Precision: 0.985482, Train Recall: 0.914825, Train F1 Score: 0.948840
2024-12-17 03:12:10 - Validation Accuracy: 0.562396, Validation Precision: 0.790230, Validation Recall: 0.591398, Validation F1 Score: 0.676507
Trial 70 finished with value: 0.5913978219032288 and parameters: {'learning_rate': 0.00018966650195224576, 'batch_size': 32, 'dropout_rate': 0.22903620702306662, 'weight_decay': 6.0218990235033327e-05}. Best is trial 62 with value: 0.9827957153320312.
Trial 70 finished with value: 0.5913978219032288 and parameters: {'learning_rate': 0.00018966650195224576, 'batch_size': 32, 'dropout_rate': 0.22903620702306662, 'weight_decay': 6.0218990235033327e-05}. Best is trial 62 with value: 0.9827957153320312.
2024-12-17 03:13:29 - ========================================================================================================================================================================================================
2024-12-17 03:13:29 - Trial 71:
2024-12-17 03:13:29 - Train Accuracy: 0.955417, Train Precision: 0.987723, Train Recall: 0.954178, Train F1 Score: 0.970661
2024-12-17 03:13:29 - Validation Accuracy: 0.745424, Validation Precision: 0.792135, Validation Recall: 0.909677, Validation F1 Score: 0.846847
Trial 71 finished with value: 0.9096774458885193 and parameters: {'learning_rate': 0.0002916992523302454, 'batch_size': 32, 'dropout_rate': 0.21069465790634587, 'weight_decay': 2.5616958663760863e-05}. Best is trial 62 with value: 0.9827957153320312.
Trial 71 finished with value: 0.9096774458885193 and parameters: {'learning_rate': 0.0002916992523302454, 'batch_size': 32, 'dropout_rate': 0.21069465790634587, 'weight_decay': 2.5616958663760863e-05}. Best is trial 62 with value: 0.9827957153320312.
2024-12-17 03:14:48 - ========================================================================================================================================================================================================
2024-12-17 03:14:48 - Trial 72:
2024-12-17 03:14:48 - Train Accuracy: 0.963333, Train Precision: 0.988932, Train Recall: 0.963342, Train F1 Score: 0.975969
2024-12-17 03:14:48 - Validation Accuracy: 0.718802, Validation Precision: 0.827434, Validation Recall: 0.804301, Validation F1 Score: 0.815703
Trial 72 finished with value: 0.8043010830879211 and parameters: {'learning_rate': 0.00024789061646674285, 'batch_size': 32, 'dropout_rate': 0.18751768841214211, 'weight_decay': 3.760703610665492e-05}. Best is trial 62 with value: 0.9827957153320312.
Trial 72 finished with value: 0.8043010830879211 and parameters: {'learning_rate': 0.00024789061646674285, 'batch_size': 32, 'dropout_rate': 0.18751768841214211, 'weight_decay': 3.760703610665492e-05}. Best is trial 62 with value: 0.9827957153320312.
2024-12-17 03:16:07 - ========================================================================================================================================================================================================
2024-12-17 03:16:07 - Trial 73:
2024-12-17 03:16:07 - Train Accuracy: 0.950000, Train Precision: 0.989284, Train Recall: 0.945553, Train F1 Score: 0.966924
2024-12-17 03:16:07 - Validation Accuracy: 0.715474, Validation Precision: 0.815451, Validation Recall: 0.817204, Validation F1 Score: 0.816327
Trial 73 finished with value: 0.8172042965888977 and parameters: {'learning_rate': 0.00015433924790145167, 'batch_size': 32, 'dropout_rate': 0.19514867452894663, 'weight_decay': 2.2135660880864168e-05}. Best is trial 62 with value: 0.9827957153320312.
Trial 73 finished with value: 0.8172042965888977 and parameters: {'learning_rate': 0.00015433924790145167, 'batch_size': 32, 'dropout_rate': 0.19514867452894663, 'weight_decay': 2.2135660880864168e-05}. Best is trial 62 with value: 0.9827957153320312.
2024-12-17 03:17:26 - ========================================================================================================================================================================================================
2024-12-17 03:17:26 - Trial 74:
2024-12-17 03:17:26 - Train Accuracy: 0.967083, Train Precision: 0.992239, Train Recall: 0.964960, Train F1 Score: 0.978409
2024-12-17 03:17:26 - Validation Accuracy: 0.772047, Validation Precision: 0.805970, Validation Recall: 0.929032, Validation F1 Score: 0.863137
Trial 74 finished with value: 0.9290322661399841 and parameters: {'learning_rate': 0.0002628742080814352, 'batch_size': 32, 'dropout_rate': 0.21997116333850464, 'weight_decay': 1.4217382174920343e-05}. Best is trial 62 with value: 0.9827957153320312.
Trial 74 finished with value: 0.9290322661399841 and parameters: {'learning_rate': 0.0002628742080814352, 'batch_size': 32, 'dropout_rate': 0.21997116333850464, 'weight_decay': 1.4217382174920343e-05}. Best is trial 62 with value: 0.9827957153320312.
2024-12-17 03:18:45 - ========================================================================================================================================================================================================
2024-12-17 03:18:45 - Trial 75:
2024-12-17 03:18:45 - Train Accuracy: 0.940417, Train Precision: 0.985261, Train Recall: 0.936927, Train F1 Score: 0.960486
2024-12-17 03:18:45 - Validation Accuracy: 0.763727, Validation Precision: 0.785841, Validation Recall: 0.954839, Validation F1 Score: 0.862136
Trial 75 finished with value: 0.9548386931419373 and parameters: {'learning_rate': 0.0003141522888226021, 'batch_size': 32, 'dropout_rate': 0.23309831251103053, 'weight_decay': 4.7341631695524224e-05}. Best is trial 62 with value: 0.9827957153320312.
Trial 75 finished with value: 0.9548386931419373 and parameters: {'learning_rate': 0.0003141522888226021, 'batch_size': 32, 'dropout_rate': 0.23309831251103053, 'weight_decay': 4.7341631695524224e-05}. Best is trial 62 with value: 0.9827957153320312.
2024-12-17 03:20:04 - ========================================================================================================================================================================================================
2024-12-17 03:20:04 - Trial 76:
2024-12-17 03:20:04 - Train Accuracy: 0.908333, Train Precision: 0.980600, Train Recall: 0.899191, Train F1 Score: 0.938133
2024-12-17 03:20:04 - Validation Accuracy: 0.757072, Validation Precision: 0.795918, Validation Recall: 0.922581, Validation F1 Score: 0.854582
Trial 76 finished with value: 0.9225806593894958 and parameters: {'learning_rate': 0.0001238800822049273, 'batch_size': 32, 'dropout_rate': 0.23435342697823106, 'weight_decay': 1.4852244648475274e-05}. Best is trial 62 with value: 0.9827957153320312.
Trial 76 finished with value: 0.9225806593894958 and parameters: {'learning_rate': 0.0001238800822049273, 'batch_size': 32, 'dropout_rate': 0.23435342697823106, 'weight_decay': 1.4852244648475274e-05}. Best is trial 62 with value: 0.9827957153320312.
2024-12-17 03:21:23 - ========================================================================================================================================================================================================
2024-12-17 03:21:23 - Trial 77:
2024-12-17 03:21:23 - Train Accuracy: 0.920000, Train Precision: 0.986542, Train Recall: 0.908895, Train F1 Score: 0.946128
2024-12-17 03:21:23 - Validation Accuracy: 0.693844, Validation Precision: 0.803456, Validation Recall: 0.800000, Validation F1 Score: 0.801724
Trial 77 finished with value: 0.800000011920929 and parameters: {'learning_rate': 0.0001273134313020376, 'batch_size': 32, 'dropout_rate': 0.23588093996167603, 'weight_decay': 1.4474267253446811e-05}. Best is trial 62 with value: 0.9827957153320312.
Trial 77 finished with value: 0.800000011920929 and parameters: {'learning_rate': 0.0001273134313020376, 'batch_size': 32, 'dropout_rate': 0.23588093996167603, 'weight_decay': 1.4474267253446811e-05}. Best is trial 62 with value: 0.9827957153320312.
2024-12-17 03:22:42 - ========================================================================================================================================================================================================
2024-12-17 03:22:42 - Trial 78:
2024-12-17 03:22:42 - Train Accuracy: 0.841250, Train Precision: 0.957196, Train Recall: 0.831806, Train F1 Score: 0.890107
2024-12-17 03:22:42 - Validation Accuracy: 0.632280, Validation Precision: 0.824468, Validation Recall: 0.666667, Validation F1 Score: 0.737218
Trial 78 finished with value: 0.6666666865348816 and parameters: {'learning_rate': 7.434312576148508e-05, 'batch_size': 32, 'dropout_rate': 0.2431615592610094, 'weight_decay': 1.3286228930245457e-05}. Best is trial 62 with value: 0.9827957153320312.
Trial 78 finished with value: 0.6666666865348816 and parameters: {'learning_rate': 7.434312576148508e-05, 'batch_size': 32, 'dropout_rate': 0.2431615592610094, 'weight_decay': 1.3286228930245457e-05}. Best is trial 62 with value: 0.9827957153320312.
2024-12-17 03:24:02 - ========================================================================================================================================================================================================
2024-12-17 03:24:02 - Trial 79:
2024-12-17 03:24:02 - Train Accuracy: 0.937083, Train Precision: 0.986857, Train Recall: 0.930997, Train F1 Score: 0.958114
2024-12-17 03:24:02 - Validation Accuracy: 0.743760, Validation Precision: 0.821946, Validation Recall: 0.853763, Validation F1 Score: 0.837553
Trial 79 finished with value: 0.8537634611129761 and parameters: {'learning_rate': 0.00019548818828420963, 'batch_size': 32, 'dropout_rate': 0.22121139120180205, 'weight_decay': 1.6250598747240128e-05}. Best is trial 62 with value: 0.9827957153320312.
Trial 79 finished with value: 0.8537634611129761 and parameters: {'learning_rate': 0.00019548818828420963, 'batch_size': 32, 'dropout_rate': 0.22121139120180205, 'weight_decay': 1.6250598747240128e-05}. Best is trial 62 with value: 0.9827957153320312.
2024-12-17 03:25:02 - ========================================================================================================================================================================================================
2024-12-17 03:25:02 - Trial 80:
2024-12-17 03:25:02 - Train Accuracy: 0.836667, Train Precision: 0.991269, Train Recall: 0.795687, Train F1 Score: 0.882775
2024-12-17 03:25:02 - Validation Accuracy: 0.477537, Validation Precision: 0.864734, Validation Recall: 0.384946, Validation F1 Score: 0.532738
Trial 80 finished with value: 0.38494622707366943 and parameters: {'learning_rate': 4.9611545838376664e-05, 'batch_size': 128, 'dropout_rate': 0.25728600178643135, 'weight_decay': 1.6695071352852827e-05}. Best is trial 62 with value: 0.9827957153320312.
Trial 80 finished with value: 0.38494622707366943 and parameters: {'learning_rate': 4.9611545838376664e-05, 'batch_size': 128, 'dropout_rate': 0.25728600178643135, 'weight_decay': 1.6695071352852827e-05}. Best is trial 62 with value: 0.9827957153320312.
2024-12-17 03:26:21 - ========================================================================================================================================================================================================
2024-12-17 03:26:21 - Trial 81:
2024-12-17 03:26:21 - Train Accuracy: 0.913750, Train Precision: 0.983001, Train Recall: 0.904043, Train F1 Score: 0.941870
2024-12-17 03:26:21 - Validation Accuracy: 0.703827, Validation Precision: 0.799582, Validation Recall: 0.823656, Validation F1 Score: 0.811441
Trial 81 finished with value: 0.823655903339386 and parameters: {'learning_rate': 0.0002642797781222639, 'batch_size': 32, 'dropout_rate': 0.23506522325353274, 'weight_decay': 1.1698492466263197e-05}. Best is trial 62 with value: 0.9827957153320312.
Trial 81 finished with value: 0.823655903339386 and parameters: {'learning_rate': 0.0002642797781222639, 'batch_size': 32, 'dropout_rate': 0.23506522325353274, 'weight_decay': 1.1698492466263197e-05}. Best is trial 62 with value: 0.9827957153320312.
2024-12-17 03:27:41 - ========================================================================================================================================================================================================
2024-12-17 03:27:41 - Trial 82:
2024-12-17 03:27:41 - Train Accuracy: 0.941250, Train Precision: 0.985277, Train Recall: 0.938005, Train F1 Score: 0.961060
2024-12-17 03:27:41 - Validation Accuracy: 0.732113, Validation Precision: 0.829004, Validation Recall: 0.823656, Validation F1 Score: 0.826321
Trial 82 finished with value: 0.823655903339386 and parameters: {'learning_rate': 0.0003707964154407435, 'batch_size': 32, 'dropout_rate': 0.2302451815167644, 'weight_decay': 2.0830620089136887e-05}. Best is trial 62 with value: 0.9827957153320312.
